==========================================
Belief Merging Experiment - TEST
==========================================
Job ID: 1502268
Nodes: 1
CPU Cores: 8
Memory: 16G
Time Limit: 2 hours
Partition: short
Description: Quick testing and debugging
==========================================
Using system Python
Pre-flight checks:
  Python: Python 3.10.17
  Working directory: /home/mabdelnaby/belief_merging_NN
  Available memory: 391Gi
  Disk space: 545T
Starting TRUE MPC experiment at Tue 15 Jul 2025 02:21:05 AM EDT
WARNING: True MPC is computationally intensive - will take longer but give accurate results
================================================================================
COMPLETE DISTRIBUTED BELIEF MERGING EXPERIMENT
================================================================================
Configuration: ExperimentConfig(grid_sizes=[(10, 10), (20, 20)], n_agents_list=[2, 3], alpha=0.1, beta=0.2, horizon=2, n_trials=5, max_steps=200, merge_intervals=[0, 50, inf], target_patterns=['random'], fast_mode=False)
Grid sizes: [(10, 10), (20, 20)]
Agent numbers: [2, 3]
TRUE MPC Mode: True
2025-07-15 02:21:09,675 - INFO - Experiment started on compute-2-08
2025-07-15 02:21:09,675 - INFO - Using 8 workers
2025-07-15 02:21:09,675 - INFO - Config: ExperimentConfig(grid_sizes=[(10, 10), (20, 20)], n_agents_list=[2, 3], alpha=0.1, beta=0.2, horizon=2, n_trials=5, max_steps=200, merge_intervals=[0, 50, inf], target_patterns=['random'], fast_mode=False)
2025-07-15 02:21:09,675 - INFO - Starting distributed experiment
2025-07-15 02:21:09,676 - INFO - Generated 60 total tasks
2025-07-15 02:21:09,676 - INFO - Grid sizes: [(10, 10), (20, 20)]
2025-07-15 02:21:09,676 - INFO - Agent numbers: [2, 3]
2025-07-15 02:21:09,676 - INFO - Found 0 completed tasks
2025-07-15 02:21:09,676 - INFO - Remaining tasks: 60
2025-07-15 02:21:09,676 - INFO - Starting parallel execution with 8 workers
2025-07-15 02:21:12,910 - INFO - Completed grid10x10_agents2_random_trial2_interval0_seed3878 (1/60)
2025-07-15 02:21:12,943 - INFO - Completed grid10x10_agents2_random_trial0_interval0_seed1878 (2/60)
2025-07-15 02:21:12,981 - INFO - Completed grid10x10_agents2_random_trial1_interval0_seed2878 (3/60)
2025-07-15 02:21:14,259 - INFO - Completed grid10x10_agents2_random_trial1_interval50_seed2878 (4/60)
2025-07-15 02:21:14,687 - INFO - Completed grid10x10_agents2_random_trial2_interval50_seed3878 (5/60)
2025-07-15 02:21:14,718 - INFO - Completed grid10x10_agents2_random_trial0_intervalinf_seed1878 (6/60)
2025-07-15 02:21:14,756 - INFO - Completed grid10x10_agents2_random_trial0_interval50_seed1878 (7/60)
2025-07-15 02:21:14,972 - INFO - Completed grid10x10_agents2_random_trial1_intervalinf_seed2878 (8/60)
2025-07-15 02:21:15,954 - INFO - Completed grid10x10_agents2_random_trial3_interval0_seed4878 (9/60)
2025-07-15 02:21:17,633 - INFO - Completed grid10x10_agents2_random_trial4_interval0_seed5878 (10/60)
2025-07-15 02:21:17,971 - INFO - Completed grid10x10_agents2_random_trial3_interval50_seed4878 (11/60)
2025-07-15 02:21:18,488 - INFO - Completed grid10x10_agents2_random_trial3_intervalinf_seed4878 (12/60)
2025-07-15 02:21:18,928 - INFO - Completed grid10x10_agents2_random_trial4_interval50_seed5878 (13/60)
2025-07-15 02:21:19,180 - INFO - Completed grid10x10_agents2_random_trial4_intervalinf_seed5878 (14/60)
2025-07-15 02:21:19,420 - INFO - Completed grid10x10_agents2_random_trial2_intervalinf_seed3878 (15/60)
2025-07-15 02:21:26,434 - INFO - Completed grid10x10_agents3_random_trial0_interval0_seed1879 (16/60)
2025-07-15 02:21:29,388 - INFO - Completed grid10x10_agents3_random_trial1_interval0_seed2879 (17/60)
2025-07-15 02:21:30,052 - INFO - Completed grid10x10_agents3_random_trial2_interval0_seed3879 (18/60)
2025-07-15 02:21:40,700 - INFO - Completed grid10x10_agents3_random_trial3_interval0_seed4879 (19/60)
2025-07-15 02:21:44,638 - INFO - Completed grid10x10_agents3_random_trial0_intervalinf_seed1879 (20/60)
2025-07-15 02:21:47,690 - INFO - Completed grid10x10_agents3_random_trial1_intervalinf_seed2879 (21/60)
2025-07-15 02:21:50,349 - INFO - Completed grid10x10_agents3_random_trial1_interval50_seed2879 (22/60)
2025-07-15 02:21:55,650 - INFO - Completed grid10x10_agents3_random_trial4_interval0_seed5879 (23/60)
2025-07-15 02:21:56,753 - INFO - Completed grid10x10_agents3_random_trial3_interval50_seed4879 (24/60)
2025-07-15 02:21:58,358 - INFO - Completed grid20x20_agents2_random_trial0_interval0_seed2978 (25/60)
2025-07-15 02:22:01,979 - INFO - Completed grid20x20_agents2_random_trial0_interval50_seed2978 (26/60)
2025-07-15 02:22:03,386 - INFO - Completed grid20x20_agents2_random_trial0_intervalinf_seed2978 (27/60)
2025-07-15 02:22:04,821 - INFO - Completed grid20x20_agents2_random_trial1_interval0_seed3978 (28/60)
2025-07-15 02:22:08,697 - INFO - Completed grid20x20_agents2_random_trial1_interval50_seed3978 (29/60)
2025-07-15 02:22:09,660 - INFO - Completed grid20x20_agents2_random_trial1_intervalinf_seed3978 (30/60)
2025-07-15 02:22:11,075 - INFO - Completed grid10x10_agents3_random_trial3_intervalinf_seed4879 (31/60)
2025-07-15 02:22:11,397 - INFO - Completed grid20x20_agents2_random_trial2_interval0_seed4978 (32/60)
2025-07-15 02:22:14,066 - INFO - Completed grid20x20_agents2_random_trial3_interval0_seed5978 (33/60)
2025-07-15 02:22:14,659 - INFO - Completed grid20x20_agents2_random_trial2_interval50_seed4978 (34/60)
2025-07-15 02:22:15,646 - INFO - Completed grid10x10_agents3_random_trial4_interval50_seed5879 (35/60)
2025-07-15 02:22:16,078 - INFO - Completed grid20x20_agents2_random_trial2_intervalinf_seed4978 (36/60)
2025-07-15 02:22:18,292 - INFO - Completed grid20x20_agents2_random_trial4_interval0_seed6978 (37/60)
2025-07-15 02:22:19,030 - INFO - Completed grid20x20_agents2_random_trial3_interval50_seed5978 (38/60)
2025-07-15 02:22:19,820 - INFO - Completed grid20x20_agents2_random_trial3_intervalinf_seed5978 (39/60)
2025-07-15 02:22:21,279 - INFO - Completed grid20x20_agents2_random_trial4_interval50_seed6978 (40/60)
2025-07-15 02:22:22,949 - INFO - Completed grid10x10_agents3_random_trial4_intervalinf_seed5879 (41/60)
2025-07-15 02:22:23,006 - INFO - Completed grid20x20_agents2_random_trial4_intervalinf_seed6978 (42/60)
2025-07-15 02:22:31,695 - INFO - Completed grid10x10_agents3_random_trial0_interval50_seed1879 (43/60)
2025-07-15 02:22:32,503 - INFO - Completed grid20x20_agents3_random_trial0_interval0_seed2979 (44/60)
2025-07-15 02:22:36,768 - INFO - Completed grid20x20_agents3_random_trial1_interval0_seed3979 (45/60)
2025-07-15 02:22:37,202 - INFO - Completed grid10x10_agents3_random_trial2_interval50_seed3879 (46/60)
2025-07-15 02:22:44,303 - INFO - Completed grid10x10_agents3_random_trial2_intervalinf_seed3879 (47/60)
2025-07-15 02:22:45,700 - INFO - Completed grid20x20_agents3_random_trial2_interval0_seed4979 (48/60)
2025-07-15 02:22:52,467 - INFO - Completed grid20x20_agents3_random_trial0_interval50_seed2979 (49/60)
2025-07-15 02:22:55,931 - INFO - Completed grid20x20_agents3_random_trial1_interval50_seed3979 (50/60)
2025-07-15 02:22:55,931 - INFO - Progress: 50/60 (83.3%), Rate: 0.47 tasks/sec, ETA: 0.0 hours
2025-07-15 02:22:55,931 - INFO - Completed grid20x20_agents3_random_trial0_intervalinf_seed2979 (51/60)
2025-07-15 02:23:08,754 - INFO - Completed grid20x20_agents3_random_trial4_interval0_seed6979 (52/60)
2025-07-15 02:23:16,736 - INFO - Completed grid20x20_agents3_random_trial2_interval50_seed4979 (53/60)
2025-07-15 02:23:18,016 - INFO - Completed grid20x20_agents3_random_trial3_interval50_seed5979 (54/60)
2025-07-15 02:23:18,810 - INFO - Completed grid20x20_agents3_random_trial3_interval0_seed5979 (55/60)
2025-07-15 02:23:26,763 - INFO - Completed grid20x20_agents3_random_trial3_intervalinf_seed5979 (56/60)
2025-07-15 02:23:30,331 - INFO - Completed grid20x20_agents3_random_trial4_interval50_seed6979 (57/60)
2025-07-15 02:23:43,486 - INFO - Completed grid20x20_agents3_random_trial4_intervalinf_seed6979 (58/60)
2025-07-15 02:23:50,674 - INFO - Completed grid20x20_agents3_random_trial1_intervalinf_seed3979 (59/60)
2025-07-15 02:23:52,592 - INFO - Completed grid20x20_agents3_random_trial2_intervalinf_seed4979 (60/60)
2025-07-15 02:23:52,623 - INFO - Experiment completed in 0.05 hours. Completed: 60, Failed: 0
2025-07-15 02:23:52,623 - INFO - Collecting results from checkpoints...
2025-07-15 02:23:52,893 - INFO - Consolidated results saved to results/consolidated_results_20250715_022352.pkl

Experiment completed successfully!
Results saved in: results
==========================================
Experiment completed at Tue 15 Jul 2025 02:23:53 AM EDT
Exit code: 0
==========================================
Results Summary:
  Completed tasks: 80
  Failed tasks: 0
  Log files in: logs/
  Results in: results/
Generating analysis...
2025-07-15 02:23:54,162 - INFO - Experiment started on compute-2-08
2025-07-15 02:23:54,162 - INFO - Using 51 workers
2025-07-15 02:23:54,162 - INFO - Config: ExperimentConfig(grid_sizes=[(10, 10), (20, 20)], n_agents_list=[2, 3], alpha=0.1, beta=0.2, horizon=2, n_trials=5, max_steps=200, merge_intervals=[0, 50, inf], target_patterns=['random'], fast_mode=False)
2025-07-15 02:23:54,162 - INFO - Collecting results from checkpoints...
2025-07-15 02:23:54,172 - INFO - Consolidated results saved to results/consolidated_results_20250715_022354.pkl
Analysis generated successfully
Job completed!
