==========================================
Belief Merging Experiment - LARGE
==========================================
Job ID: 1528502
Nodes: 4
CPU Cores: 128
Memory: 256G
Time Limit: 110 hours
Partition: long
Description: Large comprehensive study
==========================================
Using system Python
Pre-flight checks:
  Python: Python 3.10.17
  Working directory: /home/mabdelnaby/belief_merging_NN
  Available memory: 441Gi
  Disk space: 548T
Starting TRUE MPC experiment at Thu 24 Jul 2025 05:27:43 PM EDT
WARNING: True MPC is computationally intensive - will take longer but give accurate results
================================================================================
COMPLETE DISTRIBUTED BELIEF MERGING EXPERIMENT
================================================================================
Configuration: ExperimentConfig(grid_sizes=[(10, 10), (15, 15), (20, 20), (25, 25), (30, 30), (40, 40)], n_agents_list=[2, 3, 4], alpha=0.1, beta=0.2, horizon=3, n_trials=100, max_steps=1000, merge_intervals=[0, 5, 10, 25, 50, 100, 200, 500, inf], target_patterns=['random', 'evasive', 'patrol'], fast_mode=False)
Grid sizes: [(10, 10), (15, 15), (20, 20), (25, 25), (30, 30), (40, 40)]
Agent numbers: [2, 3, 4]
TRUE MPC Mode: True
2025-07-24 17:27:47,642 - INFO - Experiment started on compute-2-01
2025-07-24 17:27:47,642 - INFO - Using 128 workers
2025-07-24 17:27:47,642 - INFO - Config: ExperimentConfig(grid_sizes=[(10, 10), (15, 15), (20, 20), (25, 25), (30, 30), (40, 40)], n_agents_list=[2, 3, 4], alpha=0.1, beta=0.2, horizon=3, n_trials=100, max_steps=1000, merge_intervals=[0, 5, 10, 25, 50, 100, 200, 500, inf], target_patterns=['random', 'evasive', 'patrol'], fast_mode=False)
2025-07-24 17:27:47,642 - INFO - Starting distributed experiment
2025-07-24 17:27:47,732 - INFO - Generated 48600 total tasks
2025-07-24 17:27:47,732 - INFO - Grid sizes: [(10, 10), (15, 15), (20, 20), (25, 25), (30, 30), (40, 40)]
2025-07-24 17:27:47,732 - INFO - Agent numbers: [2, 3, 4]
2025-07-24 17:27:48,034 - INFO - Found 0 completed tasks
2025-07-24 17:27:48,034 - INFO - Remaining tasks: 48600
2025-07-24 17:27:48,034 - INFO - Starting parallel execution with 128 workers
2025-07-24 17:28:07,067 - INFO - Completed grid10x10_agents2_random_trial4_interval0_seed5705 (1/48600)
2025-07-24 17:28:14,297 - INFO - Completed grid10x10_agents2_random_trial2_interval0_seed3705 (2/48600)
2025-07-24 17:28:14,530 - INFO - Completed grid10x10_agents2_random_trial13_interval0_seed14705 (3/48600)
2025-07-24 17:28:19,582 - INFO - Completed grid10x10_agents2_random_trial13_intervalinf_seed14705 (4/48600)
2025-07-24 17:28:19,691 - INFO - Completed grid10x10_agents2_random_trial2_interval100_seed3705 (5/48600)
2025-07-24 17:28:19,951 - INFO - Completed grid10x10_agents2_random_trial9_interval25_seed10705 (6/48600)
2025-07-24 17:28:20,050 - INFO - Completed grid10x10_agents2_random_trial3_interval500_seed4705 (7/48600)
2025-07-24 17:28:20,770 - INFO - Completed grid10x10_agents2_random_trial5_interval10_seed6705 (8/48600)
2025-07-24 17:28:21,182 - INFO - Completed grid10x10_agents2_random_trial0_interval5_seed1705 (9/48600)
2025-07-24 17:28:21,618 - INFO - Completed grid10x10_agents2_random_trial3_interval5_seed4705 (10/48600)
2025-07-24 17:28:26,627 - INFO - Completed grid10x10_agents2_random_trial2_interval200_seed3705 (11/48600)
2025-07-24 17:28:26,788 - INFO - Completed grid10x10_agents2_random_trial2_intervalinf_seed3705 (12/48600)
2025-07-24 17:28:27,690 - INFO - Completed grid10x10_agents2_random_trial11_interval50_seed12705 (13/48600)
2025-07-24 17:28:28,307 - INFO - Completed grid10x10_agents2_random_trial12_interval10_seed13705 (14/48600)
2025-07-24 17:28:28,545 - INFO - Completed grid10x10_agents2_random_trial1_interval500_seed2705 (15/48600)
2025-07-24 17:28:28,827 - INFO - Completed grid10x10_agents2_random_trial9_interval0_seed10705 (16/48600)
2025-07-24 17:28:28,999 - INFO - Completed grid10x10_agents2_random_trial12_intervalinf_seed13705 (17/48600)
2025-07-24 17:28:30,052 - INFO - Completed grid10x10_agents2_random_trial4_interval5_seed5705 (18/48600)
2025-07-24 17:28:30,196 - INFO - Completed grid10x10_agents2_random_trial6_interval500_seed7705 (19/48600)
2025-07-24 17:28:31,505 - INFO - Completed grid10x10_agents2_random_trial11_interval10_seed12705 (20/48600)
2025-07-24 17:28:34,133 - INFO - Completed grid10x10_agents2_random_trial9_interval50_seed10705 (21/48600)
2025-07-24 17:28:34,679 - INFO - Completed grid10x10_agents2_random_trial12_interval50_seed13705 (22/48600)
2025-07-24 17:28:36,631 - INFO - Completed grid10x10_agents2_random_trial12_interval25_seed13705 (23/48600)
2025-07-24 17:28:38,034 - INFO - Completed grid10x10_agents2_random_trial8_interval0_seed9705 (24/48600)
2025-07-24 17:28:38,345 - INFO - Completed grid10x10_agents2_random_trial15_interval0_seed16705 (25/48600)
2025-07-24 17:28:39,782 - INFO - Completed grid10x10_agents2_random_trial14_interval10_seed15705 (26/48600)
2025-07-24 17:28:43,900 - INFO - Completed grid10x10_agents2_random_trial0_interval0_seed1705 (27/48600)
2025-07-24 17:28:45,381 - INFO - Completed grid10x10_agents2_random_trial14_interval25_seed15705 (28/48600)
2025-07-24 17:28:45,640 - INFO - Completed grid10x10_agents2_random_trial3_interval0_seed4705 (29/48600)
2025-07-24 17:28:45,869 - INFO - Completed grid10x10_agents2_random_trial14_interval50_seed15705 (30/48600)
2025-07-24 17:28:47,706 - INFO - Completed grid10x10_agents2_random_trial6_interval0_seed7705 (31/48600)
2025-07-24 17:28:47,732 - INFO - Completed grid10x10_agents2_random_trial11_interval0_seed12705 (32/48600)
2025-07-24 17:28:47,758 - INFO - Completed grid10x10_agents2_random_trial16_interval0_seed17705 (33/48600)
2025-07-24 17:28:48,633 - INFO - Completed grid10x10_agents2_random_trial10_interval0_seed11705 (34/48600)
2025-07-24 17:28:49,341 - INFO - Completed grid10x10_agents2_random_trial5_interval0_seed6705 (35/48600)
2025-07-24 17:28:49,502 - INFO - Completed grid10x10_agents2_random_trial7_interval0_seed8705 (36/48600)
2025-07-24 17:28:49,561 - INFO - Completed grid10x10_agents2_random_trial1_interval0_seed2705 (37/48600)
2025-07-24 17:28:49,740 - INFO - Completed grid10x10_agents2_random_trial14_interval0_seed15705 (38/48600)
2025-07-24 17:28:50,689 - INFO - Completed grid10x10_agents2_random_trial12_interval0_seed13705 (39/48600)
2025-07-24 17:28:51,083 - INFO - Completed grid10x10_agents2_random_trial14_interval100_seed15705 (40/48600)
2025-07-24 17:28:51,448 - INFO - Completed grid10x10_agents2_random_trial14_interval500_seed15705 (41/48600)
2025-07-24 17:28:51,713 - INFO - Completed grid10x10_agents2_random_trial14_interval200_seed15705 (42/48600)
2025-07-24 17:28:51,962 - INFO - Completed grid10x10_agents2_random_trial14_intervalinf_seed15705 (43/48600)
2025-07-24 17:28:54,682 - INFO - Completed grid10x10_agents2_random_trial15_interval10_seed16705 (44/48600)
2025-07-24 17:28:54,828 - INFO - Completed grid10x10_agents2_random_trial0_interval500_seed1705 (45/48600)
2025-07-24 17:28:55,188 - INFO - Completed grid10x10_agents2_random_trial15_interval5_seed16705 (46/48600)
2025-07-24 17:28:58,408 - INFO - Completed grid10x10_agents2_random_trial15_interval50_seed16705 (47/48600)
2025-07-24 17:28:58,587 - INFO - Completed grid10x10_agents2_random_trial15_interval25_seed16705 (48/48600)
2025-07-24 17:28:59,538 - INFO - Completed grid10x10_agents2_random_trial15_interval100_seed16705 (49/48600)
2025-07-24 17:29:00,450 - INFO - Completed grid10x10_agents2_random_trial15_interval200_seed16705 (50/48600)
2025-07-24 17:29:00,450 - INFO - Progress: 50/48600 (0.1%), Rate: 0.69 tasks/sec, ETA: 19.6 hours
2025-07-24 17:29:00,497 - INFO - Completed grid10x10_agents2_random_trial9_interval100_seed10705 (51/48600)
2025-07-24 17:29:00,843 - INFO - Completed grid10x10_agents2_random_trial15_intervalinf_seed16705 (52/48600)
2025-07-24 17:29:00,851 - INFO - Completed grid10x10_agents2_random_trial1_interval10_seed2705 (53/48600)
2025-07-24 17:29:01,199 - INFO - Completed grid10x10_agents2_random_trial6_interval10_seed7705 (54/48600)
2025-07-24 17:29:02,594 - INFO - Completed grid10x10_agents2_random_trial3_interval200_seed4705 (55/48600)
2025-07-24 17:29:03,082 - INFO - Completed grid10x10_agents2_random_trial16_interval10_seed17705 (56/48600)
2025-07-24 17:29:03,137 - INFO - Completed grid10x10_agents2_random_trial16_interval25_seed17705 (57/48600)
2025-07-24 17:29:04,075 - INFO - Completed grid10x10_agents2_random_trial16_interval5_seed17705 (58/48600)
2025-07-24 17:29:04,551 - INFO - Completed grid10x10_agents2_random_trial11_interval100_seed12705 (59/48600)
2025-07-24 17:29:06,226 - INFO - Completed grid10x10_agents2_random_trial16_interval50_seed17705 (60/48600)
2025-07-24 17:29:07,398 - INFO - Completed grid10x10_agents2_random_trial15_interval500_seed16705 (61/48600)
2025-07-24 17:29:08,071 - INFO - Completed grid10x10_agents2_random_trial16_interval100_seed17705 (62/48600)
2025-07-24 17:29:09,223 - INFO - Completed grid10x10_agents2_random_trial16_interval200_seed17705 (63/48600)
2025-07-24 17:29:11,090 - INFO - Completed grid10x10_agents2_random_trial17_interval0_seed18705 (64/48600)
2025-07-24 17:29:11,771 - INFO - Completed grid10x10_agents2_random_trial5_interval5_seed6705 (65/48600)
2025-07-24 17:29:14,554 - INFO - Completed grid10x10_agents2_random_trial2_interval5_seed3705 (66/48600)
2025-07-24 17:29:16,542 - INFO - Completed grid10x10_agents2_random_trial13_interval25_seed14705 (67/48600)
2025-07-24 17:29:17,049 - INFO - Completed grid10x10_agents2_random_trial16_intervalinf_seed17705 (68/48600)
2025-07-24 17:29:17,610 - INFO - Completed grid10x10_agents2_random_trial17_interval10_seed18705 (69/48600)
2025-07-24 17:29:18,173 - INFO - Completed grid10x10_agents2_random_trial17_interval50_seed18705 (70/48600)
2025-07-24 17:29:19,979 - INFO - Completed grid10x10_agents2_random_trial7_interval25_seed8705 (71/48600)
2025-07-24 17:29:20,627 - INFO - Completed grid10x10_agents2_random_trial1_interval200_seed2705 (72/48600)
2025-07-24 17:29:23,331 - INFO - Completed grid10x10_agents2_random_trial18_interval200_seed19705 (73/48600)
2025-07-24 17:29:24,033 - INFO - Completed grid10x10_agents2_random_trial17_interval500_seed18705 (74/48600)
2025-07-24 17:29:24,558 - INFO - Completed grid10x10_agents2_random_trial18_interval100_seed19705 (75/48600)
2025-07-24 17:29:24,599 - INFO - Completed grid10x10_agents2_random_trial18_intervalinf_seed19705 (76/48600)
2025-07-24 17:29:24,609 - INFO - Completed grid10x10_agents2_random_trial10_intervalinf_seed11705 (77/48600)
2025-07-24 17:29:27,095 - INFO - Completed grid10x10_agents2_random_trial10_interval25_seed11705 (78/48600)
2025-07-24 17:29:28,263 - INFO - Completed grid10x10_agents2_random_trial9_intervalinf_seed10705 (79/48600)
2025-07-24 17:29:29,091 - INFO - Completed grid10x10_agents2_random_trial19_interval10_seed20705 (80/48600)
2025-07-24 17:29:29,863 - INFO - Completed grid10x10_agents2_random_trial0_interval25_seed1705 (81/48600)
2025-07-24 17:29:30,146 - INFO - Completed grid10x10_agents2_random_trial8_interval100_seed9705 (82/48600)
2025-07-24 17:29:30,173 - INFO - Completed grid10x10_agents2_random_trial18_interval0_seed19705 (83/48600)
2025-07-24 17:29:30,415 - INFO - Completed grid10x10_agents2_random_trial7_interval100_seed8705 (84/48600)
2025-07-24 17:29:31,210 - INFO - Completed grid10x10_agents2_random_trial0_interval50_seed1705 (85/48600)
2025-07-24 17:29:31,465 - INFO - Completed grid10x10_agents2_random_trial19_interval50_seed20705 (86/48600)
2025-07-24 17:29:31,614 - INFO - Completed grid10x10_agents2_random_trial1_interval100_seed2705 (87/48600)
2025-07-24 17:29:31,723 - INFO - Completed grid10x10_agents2_random_trial19_interval25_seed20705 (88/48600)
2025-07-24 17:29:31,811 - INFO - Completed grid10x10_agents2_random_trial10_interval100_seed11705 (89/48600)
2025-07-24 17:29:31,858 - INFO - Completed grid10x10_agents2_random_trial0_interval200_seed1705 (90/48600)
2025-07-24 17:29:32,266 - INFO - Completed grid10x10_agents2_random_trial19_interval100_seed20705 (91/48600)
2025-07-24 17:29:32,316 - INFO - Completed grid10x10_agents2_random_trial2_interval50_seed3705 (92/48600)
2025-07-24 17:29:32,627 - INFO - Completed grid10x10_agents2_random_trial6_intervalinf_seed7705 (93/48600)
2025-07-24 17:29:32,803 - INFO - Completed grid10x10_agents2_random_trial6_interval200_seed7705 (94/48600)
2025-07-24 17:29:32,883 - INFO - Completed grid10x10_agents2_random_trial1_interval25_seed2705 (95/48600)
2025-07-24 17:29:32,895 - INFO - Completed grid10x10_agents2_random_trial4_interval200_seed5705 (96/48600)
2025-07-24 17:29:32,938 - INFO - Completed grid10x10_agents2_random_trial3_interval50_seed4705 (97/48600)
2025-07-24 17:29:32,959 - INFO - Completed grid10x10_agents2_random_trial11_interval200_seed12705 (98/48600)
2025-07-24 17:29:33,122 - INFO - Completed grid10x10_agents2_random_trial6_interval100_seed7705 (99/48600)
2025-07-24 17:29:33,127 - INFO - Completed grid10x10_agents2_random_trial5_interval50_seed6705 (100/48600)
2025-07-24 17:29:33,127 - INFO - Progress: 100/48600 (0.2%), Rate: 0.95 tasks/sec, ETA: 14.2 hours
2025-07-24 17:29:33,361 - INFO - Completed grid10x10_agents2_random_trial9_interval200_seed10705 (101/48600)
2025-07-24 17:29:33,375 - INFO - Completed grid10x10_agents2_random_trial13_interval10_seed14705 (102/48600)
2025-07-24 17:29:33,397 - INFO - Completed grid10x10_agents2_random_trial8_intervalinf_seed9705 (103/48600)
2025-07-24 17:29:33,407 - INFO - Completed grid10x10_agents2_random_trial1_intervalinf_seed2705 (104/48600)
2025-07-24 17:29:33,562 - INFO - Completed grid10x10_agents2_random_trial13_interval200_seed14705 (105/48600)
2025-07-24 17:29:33,578 - INFO - Completed grid10x10_agents2_random_trial2_interval500_seed3705 (106/48600)
2025-07-24 17:29:33,595 - INFO - Completed grid10x10_agents2_random_trial7_interval5_seed8705 (107/48600)
2025-07-24 17:29:33,885 - INFO - Completed grid10x10_agents2_random_trial7_interval500_seed8705 (108/48600)
2025-07-24 17:29:34,022 - INFO - Completed grid10x10_agents2_random_trial13_interval500_seed14705 (109/48600)
2025-07-24 17:29:34,039 - INFO - Completed grid10x10_agents2_random_trial11_interval500_seed12705 (110/48600)
2025-07-24 17:29:34,220 - INFO - Completed grid10x10_agents2_random_trial7_interval50_seed8705 (111/48600)
2025-07-24 17:29:34,223 - INFO - Completed grid10x10_agents2_random_trial12_interval100_seed13705 (112/48600)
2025-07-24 17:29:34,227 - INFO - Completed grid10x10_agents2_random_trial2_interval25_seed3705 (113/48600)
2025-07-24 17:29:34,573 - INFO - Completed grid10x10_agents2_random_trial5_interval200_seed6705 (114/48600)
2025-07-24 17:29:34,679 - INFO - Completed grid10x10_agents2_random_trial12_interval200_seed13705 (115/48600)
2025-07-24 17:29:34,727 - INFO - Completed grid10x10_agents2_random_trial8_interval200_seed9705 (116/48600)
2025-07-24 17:29:34,731 - INFO - Completed grid10x10_agents2_random_trial0_interval100_seed1705 (117/48600)
2025-07-24 17:29:34,951 - INFO - Completed grid10x10_agents2_random_trial11_interval25_seed12705 (118/48600)
2025-07-24 17:29:35,019 - INFO - Completed grid10x10_agents2_random_trial4_interval25_seed5705 (119/48600)
2025-07-24 17:29:35,091 - INFO - Completed grid10x10_agents2_random_trial10_interval50_seed11705 (120/48600)
2025-07-24 17:29:35,135 - INFO - Completed grid10x10_agents2_random_trial0_interval10_seed1705 (121/48600)
2025-07-24 17:29:35,179 - INFO - Completed grid10x10_agents2_random_trial3_interval100_seed4705 (122/48600)
2025-07-24 17:29:35,355 - INFO - Completed grid10x10_agents2_random_trial2_interval10_seed3705 (123/48600)
2025-07-24 17:29:35,358 - INFO - Completed grid10x10_agents2_random_trial11_intervalinf_seed12705 (124/48600)
2025-07-24 17:29:35,383 - INFO - Completed grid10x10_agents2_random_trial10_interval500_seed11705 (125/48600)
2025-07-24 17:29:35,459 - INFO - Completed grid10x10_agents2_random_trial20_interval25_seed21705 (126/48600)
2025-07-24 17:29:35,541 - INFO - Completed grid10x10_agents2_random_trial4_interval50_seed5705 (127/48600)
2025-07-24 17:29:35,598 - INFO - Completed grid10x10_agents2_random_trial5_intervalinf_seed6705 (128/48600)
2025-07-24 17:29:35,698 - INFO - Completed grid10x10_agents2_random_trial3_intervalinf_seed4705 (129/48600)
2025-07-24 17:29:35,701 - INFO - Completed grid10x10_agents2_random_trial12_interval500_seed13705 (130/48600)
2025-07-24 17:29:35,874 - INFO - Completed grid10x10_agents2_random_trial4_intervalinf_seed5705 (131/48600)
2025-07-24 17:29:36,094 - INFO - Completed grid10x10_agents2_random_trial4_interval500_seed5705 (132/48600)
2025-07-24 17:29:36,163 - INFO - Completed grid10x10_agents2_random_trial5_interval100_seed6705 (133/48600)
2025-07-24 17:29:36,192 - INFO - Completed grid10x10_agents2_random_trial10_interval200_seed11705 (134/48600)
2025-07-24 17:29:36,279 - INFO - Completed grid10x10_agents2_random_trial3_interval10_seed4705 (135/48600)
2025-07-24 17:29:36,296 - INFO - Completed grid10x10_agents2_random_trial5_interval500_seed6705 (136/48600)
2025-07-24 17:29:36,465 - INFO - Completed grid10x10_agents2_random_trial8_interval50_seed9705 (137/48600)
2025-07-24 17:29:36,476 - INFO - Completed grid10x10_agents2_random_trial13_interval100_seed14705 (138/48600)
2025-07-24 17:29:36,487 - INFO - Completed grid10x10_agents2_random_trial7_interval200_seed8705 (139/48600)
2025-07-24 17:29:36,522 - INFO - Completed grid10x10_agents2_random_trial5_interval25_seed6705 (140/48600)
2025-07-24 17:29:36,526 - INFO - Completed grid10x10_agents2_random_trial9_interval500_seed10705 (141/48600)
2025-07-24 17:29:36,794 - INFO - Completed grid10x10_agents2_random_trial8_interval25_seed9705 (142/48600)
2025-07-24 17:29:36,874 - INFO - Completed grid10x10_agents2_random_trial13_interval50_seed14705 (143/48600)
2025-07-24 17:29:36,884 - INFO - Completed grid10x10_agents2_random_trial8_interval500_seed9705 (144/48600)
2025-07-24 17:29:36,998 - INFO - Completed grid10x10_agents2_random_trial20_interval50_seed21705 (145/48600)
2025-07-24 17:29:37,186 - INFO - Completed grid10x10_agents2_random_trial3_interval25_seed4705 (146/48600)
2025-07-24 17:29:37,214 - INFO - Completed grid10x10_agents2_random_trial19_interval200_seed20705 (147/48600)
2025-07-24 17:29:37,602 - INFO - Completed grid10x10_agents2_random_trial0_intervalinf_seed1705 (148/48600)
2025-07-24 17:29:37,605 - INFO - Completed grid10x10_agents2_random_trial6_interval25_seed7705 (149/48600)
2025-07-24 17:29:37,611 - INFO - Completed grid10x10_agents2_random_trial10_interval10_seed11705 (150/48600)
2025-07-24 17:29:37,612 - INFO - Progress: 150/48600 (0.3%), Rate: 1.36 tasks/sec, ETA: 9.9 hours
2025-07-24 17:29:37,625 - INFO - Completed grid10x10_agents2_random_trial4_interval100_seed5705 (151/48600)
2025-07-24 17:29:38,061 - INFO - Completed grid10x10_agents2_random_trial7_intervalinf_seed8705 (152/48600)
2025-07-24 17:29:38,244 - INFO - Completed grid10x10_agents2_random_trial19_intervalinf_seed20705 (153/48600)
2025-07-24 17:29:38,668 - INFO - Completed grid10x10_agents2_random_trial14_interval5_seed15705 (154/48600)
2025-07-24 17:29:38,744 - INFO - Completed grid10x10_agents2_random_trial9_interval10_seed10705 (155/48600)
2025-07-24 17:29:38,874 - INFO - Completed grid10x10_agents2_random_trial4_interval10_seed5705 (156/48600)
2025-07-24 17:29:39,028 - INFO - Completed grid10x10_agents2_random_trial12_interval5_seed13705 (157/48600)
2025-07-24 17:29:39,170 - INFO - Completed grid10x10_agents2_random_trial6_interval50_seed7705 (158/48600)
2025-07-24 17:29:39,383 - INFO - Completed grid10x10_agents2_random_trial10_interval5_seed11705 (159/48600)
2025-07-24 17:29:39,448 - INFO - Completed grid10x10_agents2_random_trial19_interval0_seed20705 (160/48600)
2025-07-24 17:29:39,495 - INFO - Completed grid10x10_agents2_random_trial7_interval10_seed8705 (161/48600)
2025-07-24 17:29:39,499 - INFO - Completed grid10x10_agents2_random_trial1_interval50_seed2705 (162/48600)
2025-07-24 17:29:39,514 - INFO - Completed grid10x10_agents2_random_trial8_interval10_seed9705 (163/48600)
2025-07-24 17:29:40,031 - INFO - Completed grid10x10_agents2_random_trial19_interval500_seed20705 (164/48600)
2025-07-24 17:29:40,120 - INFO - Completed grid10x10_agents2_random_trial8_interval5_seed9705 (165/48600)
2025-07-24 17:29:40,519 - INFO - Completed grid10x10_agents2_random_trial11_interval5_seed12705 (166/48600)
2025-07-24 17:29:40,849 - INFO - Completed grid10x10_agents2_random_trial6_interval5_seed7705 (167/48600)
2025-07-24 17:29:42,033 - INFO - Completed grid10x10_agents2_random_trial13_interval5_seed14705 (168/48600)
2025-07-24 17:29:42,124 - INFO - Completed grid10x10_agents2_random_trial9_interval5_seed10705 (169/48600)
2025-07-24 17:29:42,659 - INFO - Completed grid10x10_agents2_random_trial1_interval5_seed2705 (170/48600)
2025-07-24 17:29:43,167 - INFO - Completed grid10x10_agents2_random_trial20_interval200_seed21705 (171/48600)
2025-07-24 17:29:43,826 - INFO - Completed grid10x10_agents2_random_trial21_interval5_seed22705 (172/48600)
2025-07-24 17:29:44,816 - INFO - Completed grid10x10_agents2_random_trial16_interval500_seed17705 (173/48600)
2025-07-24 17:29:47,968 - INFO - Completed grid10x10_agents2_random_trial20_interval0_seed21705 (174/48600)
2025-07-24 17:29:49,239 - INFO - Completed grid10x10_agents2_random_trial20_interval500_seed21705 (175/48600)
2025-07-24 17:29:49,455 - INFO - Completed grid10x10_agents2_random_trial19_interval5_seed20705 (176/48600)
2025-07-24 17:29:50,300 - INFO - Completed grid10x10_agents2_random_trial21_interval500_seed22705 (177/48600)
2025-07-24 17:29:50,377 - INFO - Completed grid10x10_agents2_random_trial23_interval0_seed24705 (178/48600)
2025-07-24 17:29:50,623 - INFO - Completed grid10x10_agents2_random_trial21_intervalinf_seed22705 (179/48600)
2025-07-24 17:29:50,648 - INFO - Completed grid10x10_agents2_random_trial20_interval5_seed21705 (180/48600)
2025-07-24 17:29:52,103 - INFO - Completed grid10x10_agents2_random_trial20_interval100_seed21705 (181/48600)
2025-07-24 17:29:54,957 - INFO - Completed grid10x10_agents2_random_trial21_interval0_seed22705 (182/48600)
2025-07-24 17:29:58,255 - INFO - Completed grid10x10_agents2_random_trial22_interval50_seed23705 (183/48600)
2025-07-24 17:30:00,684 - INFO - Completed grid10x10_agents2_random_trial22_interval10_seed23705 (184/48600)
2025-07-24 17:30:02,131 - INFO - Completed grid10x10_agents2_random_trial18_interval500_seed19705 (185/48600)
2025-07-24 17:30:02,759 - INFO - Completed grid10x10_agents2_random_trial17_intervalinf_seed18705 (186/48600)
2025-07-24 17:30:03,197 - INFO - Completed grid10x10_agents2_random_trial17_interval200_seed18705 (187/48600)
2025-07-24 17:30:05,271 - INFO - Completed grid10x10_agents2_random_trial22_interval0_seed23705 (188/48600)
2025-07-24 17:30:05,675 - INFO - Completed grid10x10_agents2_random_trial24_interval25_seed25705 (189/48600)
2025-07-24 17:30:06,949 - INFO - Completed grid10x10_agents2_random_trial18_interval5_seed19705 (190/48600)
2025-07-24 17:30:07,011 - INFO - Completed grid10x10_agents2_random_trial21_interval50_seed22705 (191/48600)
2025-07-24 17:30:07,431 - INFO - Completed grid10x10_agents2_random_trial18_interval25_seed19705 (192/48600)
2025-07-24 17:30:09,303 - INFO - Completed grid10x10_agents2_random_trial34_interval0_seed35705 (193/48600)
2025-07-24 17:30:10,454 - INFO - Completed grid10x10_agents2_random_trial30_interval50_seed31705 (194/48600)
2025-07-24 17:30:11,305 - INFO - Completed grid10x10_agents2_random_trial21_interval200_seed22705 (195/48600)
2025-07-24 17:30:12,847 - INFO - Completed grid10x10_agents2_random_trial24_interval10_seed25705 (196/48600)
2025-07-24 17:30:13,459 - INFO - Completed grid10x10_agents2_random_trial21_interval10_seed22705 (197/48600)
2025-07-24 17:30:13,576 - INFO - Completed grid10x10_agents2_random_trial23_intervalinf_seed24705 (198/48600)
2025-07-24 17:30:15,067 - INFO - Completed grid10x10_agents2_random_trial28_interval5_seed29705 (199/48600)
2025-07-24 17:30:16,136 - INFO - Completed grid10x10_agents2_random_trial22_interval25_seed23705 (200/48600)
2025-07-24 17:30:16,136 - INFO - Progress: 200/48600 (0.4%), Rate: 1.35 tasks/sec, ETA: 10.0 hours
2025-07-24 17:30:17,347 - INFO - Completed grid10x10_agents2_random_trial24_interval0_seed25705 (201/48600)
2025-07-24 17:30:17,687 - INFO - Completed grid10x10_agents2_random_trial32_interval25_seed33705 (202/48600)
2025-07-24 17:30:17,855 - INFO - Completed grid10x10_agents2_random_trial17_interval100_seed18705 (203/48600)
2025-07-24 17:30:17,927 - INFO - Completed grid10x10_agents2_random_trial21_interval100_seed22705 (204/48600)
2025-07-24 17:30:18,719 - INFO - Completed grid10x10_agents2_random_trial17_interval25_seed18705 (205/48600)
2025-07-24 17:30:18,883 - INFO - Completed grid10x10_agents2_random_trial31_interval5_seed32705 (206/48600)
2025-07-24 17:30:19,354 - INFO - Completed grid10x10_agents2_random_trial33_interval25_seed34705 (207/48600)
2025-07-24 17:30:20,879 - INFO - Completed grid10x10_agents2_random_trial25_interval0_seed26705 (208/48600)
2025-07-24 17:30:21,116 - INFO - Completed grid10x10_agents2_random_trial27_interval0_seed28705 (209/48600)
2025-07-24 17:30:21,479 - INFO - Completed grid10x10_agents2_random_trial27_interval100_seed28705 (210/48600)
2025-07-24 17:30:21,671 - INFO - Completed grid10x10_agents2_random_trial18_interval50_seed19705 (211/48600)
2025-07-24 17:30:21,747 - INFO - Completed grid10x10_agents2_random_trial20_intervalinf_seed21705 (212/48600)
2025-07-24 17:30:21,858 - INFO - Completed grid10x10_agents2_random_trial18_interval10_seed19705 (213/48600)
2025-07-24 17:30:22,852 - INFO - Completed grid10x10_agents2_random_trial28_interval0_seed29705 (214/48600)
2025-07-24 17:30:23,005 - INFO - Completed grid10x10_agents2_random_trial33_interval500_seed34705 (215/48600)
2025-07-24 17:30:23,678 - INFO - Completed grid10x10_agents2_random_trial33_intervalinf_seed34705 (216/48600)
2025-07-24 17:30:23,812 - INFO - Completed grid10x10_agents2_random_trial17_interval5_seed18705 (217/48600)
2025-07-24 17:30:24,731 - INFO - Completed grid10x10_agents2_random_trial26_interval0_seed27705 (218/48600)
2025-07-24 17:30:25,183 - INFO - Completed grid10x10_agents2_random_trial33_interval10_seed34705 (219/48600)
2025-07-24 17:30:25,355 - INFO - Completed grid10x10_agents2_random_trial30_interval0_seed31705 (220/48600)
2025-07-24 17:30:25,797 - INFO - Completed grid10x10_agents2_random_trial29_interval0_seed30705 (221/48600)
2025-07-24 17:30:26,469 - INFO - Completed grid10x10_agents2_random_trial31_interval0_seed32705 (222/48600)
2025-07-24 17:30:26,675 - INFO - Completed grid10x10_agents2_random_trial22_interval100_seed23705 (223/48600)
2025-07-24 17:30:26,921 - INFO - Completed grid10x10_agents2_random_trial32_interval0_seed33705 (224/48600)
2025-07-24 17:30:29,523 - INFO - Completed grid10x10_agents2_random_trial21_interval25_seed22705 (225/48600)
2025-07-24 17:30:29,527 - INFO - Completed grid10x10_agents2_random_trial20_interval10_seed21705 (226/48600)
2025-07-24 17:30:30,555 - INFO - Completed grid10x10_agents2_random_trial25_interval25_seed26705 (227/48600)
2025-07-24 17:30:32,628 - INFO - Completed grid10x10_agents2_random_trial33_interval0_seed34705 (228/48600)
2025-07-24 17:30:34,040 - INFO - Completed grid10x10_agents2_random_trial33_interval100_seed34705 (229/48600)
2025-07-24 17:30:34,550 - INFO - Completed grid10x10_agents2_random_trial22_interval500_seed23705 (230/48600)
2025-07-24 17:30:35,570 - INFO - Completed grid10x10_agents2_random_trial22_interval200_seed23705 (231/48600)
2025-07-24 17:30:37,183 - INFO - Completed grid10x10_agents2_random_trial34_interval100_seed35705 (232/48600)
2025-07-24 17:30:38,811 - INFO - Completed grid10x10_agents2_random_trial23_interval500_seed24705 (233/48600)
2025-07-24 17:30:40,732 - INFO - Completed grid10x10_agents2_random_trial23_interval200_seed24705 (234/48600)
2025-07-24 17:30:41,653 - INFO - Completed grid10x10_agents2_random_trial38_interval0_seed39705 (235/48600)
2025-07-24 17:30:42,236 - INFO - Completed grid10x10_agents2_random_trial35_interval100_seed36705 (236/48600)
2025-07-24 17:30:43,366 - INFO - Completed grid10x10_agents2_random_trial27_interval10_seed28705 (237/48600)
2025-07-24 17:30:43,725 - INFO - Completed grid10x10_agents2_random_trial35_interval200_seed36705 (238/48600)
2025-07-24 17:30:44,546 - INFO - Completed grid10x10_agents2_random_trial23_interval25_seed24705 (239/48600)
2025-07-24 17:30:46,091 - INFO - Completed grid10x10_agents2_random_trial25_interval200_seed26705 (240/48600)
2025-07-24 17:30:46,371 - INFO - Completed grid10x10_agents2_random_trial30_interval10_seed31705 (241/48600)
2025-07-24 17:30:47,310 - INFO - Completed grid10x10_agents2_random_trial33_interval200_seed34705 (242/48600)
2025-07-24 17:30:48,304 - INFO - Completed grid10x10_agents2_random_trial22_intervalinf_seed23705 (243/48600)
2025-07-24 17:30:48,435 - INFO - Completed grid10x10_agents2_random_trial23_interval5_seed24705 (244/48600)
2025-07-24 17:30:48,838 - INFO - Completed grid10x10_agents2_random_trial28_interval10_seed29705 (245/48600)
2025-07-24 17:30:50,088 - INFO - Completed grid10x10_agents2_random_trial29_interval50_seed30705 (246/48600)
2025-07-24 17:30:50,552 - INFO - Completed grid10x10_agents2_random_trial35_intervalinf_seed36705 (247/48600)
2025-07-24 17:30:50,693 - INFO - Completed grid10x10_agents2_random_trial36_interval0_seed37705 (248/48600)
2025-07-24 17:30:50,827 - INFO - Completed grid10x10_agents2_random_trial36_interval10_seed37705 (249/48600)
2025-07-24 17:30:51,423 - INFO - Completed grid10x10_agents2_random_trial35_interval0_seed36705 (250/48600)
2025-07-24 17:30:51,423 - INFO - Progress: 250/48600 (0.5%), Rate: 1.36 tasks/sec, ETA: 9.9 hours
2025-07-24 17:30:51,705 - INFO - Completed grid10x10_agents2_random_trial25_interval100_seed26705 (251/48600)
2025-07-24 17:30:51,732 - INFO - Completed grid10x10_agents2_random_trial35_interval5_seed36705 (252/48600)
2025-07-24 17:30:52,319 - INFO - Completed grid10x10_agents2_random_trial32_interval500_seed33705 (253/48600)
2025-07-24 17:30:54,372 - INFO - Completed grid10x10_agents2_random_trial31_intervalinf_seed32705 (254/48600)
2025-07-24 17:30:54,515 - INFO - Completed grid10x10_agents2_random_trial22_interval5_seed23705 (255/48600)
2025-07-24 17:30:55,031 - INFO - Completed grid10x10_agents2_random_trial35_interval500_seed36705 (256/48600)
2025-07-24 17:30:55,037 - INFO - Completed grid10x10_agents2_random_trial26_interval200_seed27705 (257/48600)
2025-07-24 17:30:55,694 - INFO - Completed grid10x10_agents2_random_trial24_interval200_seed25705 (258/48600)
2025-07-24 17:30:55,959 - INFO - Completed grid10x10_agents2_random_trial32_interval50_seed33705 (259/48600)
2025-07-24 17:30:56,154 - INFO - Completed grid10x10_agents2_random_trial34_interval10_seed35705 (260/48600)
2025-07-24 17:30:57,322 - INFO - Completed grid10x10_agents2_random_trial32_interval200_seed33705 (261/48600)
2025-07-24 17:30:57,326 - INFO - Completed grid10x10_agents2_random_trial31_interval500_seed32705 (262/48600)
2025-07-24 17:30:57,454 - INFO - Completed grid10x10_agents2_random_trial33_interval5_seed34705 (263/48600)
2025-07-24 17:30:57,610 - INFO - Completed grid10x10_agents2_random_trial27_interval25_seed28705 (264/48600)
2025-07-24 17:30:58,808 - INFO - Completed grid10x10_agents2_random_trial34_interval200_seed35705 (265/48600)
2025-07-24 17:30:58,822 - INFO - Completed grid10x10_agents2_random_trial37_interval0_seed38705 (266/48600)
2025-07-24 17:30:58,867 - INFO - Completed grid10x10_agents2_random_trial30_interval200_seed31705 (267/48600)
2025-07-24 17:30:58,895 - INFO - Completed grid10x10_agents2_random_trial24_interval100_seed25705 (268/48600)
2025-07-24 17:30:59,301 - INFO - Completed grid10x10_agents2_random_trial25_interval50_seed26705 (269/48600)
2025-07-24 17:30:59,531 - INFO - Completed grid10x10_agents2_random_trial38_interval5_seed39705 (270/48600)
2025-07-24 17:30:59,571 - INFO - Completed grid10x10_agents2_random_trial24_interval500_seed25705 (271/48600)
2025-07-24 17:30:59,794 - INFO - Completed grid10x10_agents2_random_trial23_interval100_seed24705 (272/48600)
2025-07-24 17:31:00,156 - INFO - Completed grid10x10_agents2_random_trial26_interval25_seed27705 (273/48600)
2025-07-24 17:31:00,238 - INFO - Completed grid10x10_agents2_random_trial24_interval50_seed25705 (274/48600)
2025-07-24 17:31:00,375 - INFO - Completed grid10x10_agents2_random_trial27_interval50_seed28705 (275/48600)
2025-07-24 17:31:00,830 - INFO - Completed grid10x10_agents2_random_trial25_interval10_seed26705 (276/48600)
2025-07-24 17:31:01,026 - INFO - Completed grid10x10_agents2_random_trial27_interval500_seed28705 (277/48600)
2025-07-24 17:31:01,486 - INFO - Completed grid10x10_agents2_random_trial27_interval200_seed28705 (278/48600)
2025-07-24 17:31:01,918 - INFO - Completed grid10x10_agents2_random_trial28_interval50_seed29705 (279/48600)
2025-07-24 17:31:01,934 - INFO - Completed grid10x10_agents2_random_trial31_interval200_seed32705 (280/48600)
2025-07-24 17:31:01,939 - INFO - Completed grid10x10_agents2_random_trial26_interval100_seed27705 (281/48600)
2025-07-24 17:31:02,024 - INFO - Completed grid10x10_agents2_random_trial24_intervalinf_seed25705 (282/48600)
2025-07-24 17:31:02,115 - INFO - Completed grid10x10_agents2_random_trial23_interval50_seed24705 (283/48600)
2025-07-24 17:31:02,994 - INFO - Completed grid10x10_agents2_random_trial23_interval10_seed24705 (284/48600)
2025-07-24 17:31:03,030 - INFO - Completed grid10x10_agents2_random_trial25_interval500_seed26705 (285/48600)
2025-07-24 17:31:03,311 - INFO - Completed grid10x10_agents2_random_trial27_intervalinf_seed28705 (286/48600)
2025-07-24 17:31:03,355 - INFO - Completed grid10x10_agents2_random_trial36_interval100_seed37705 (287/48600)
2025-07-24 17:31:03,547 - INFO - Completed grid10x10_agents2_random_trial26_interval10_seed27705 (288/48600)
2025-07-24 17:31:03,578 - INFO - Completed grid10x10_agents2_random_trial26_intervalinf_seed27705 (289/48600)
2025-07-24 17:31:03,609 - INFO - Completed grid10x10_agents2_random_trial26_interval50_seed27705 (290/48600)
2025-07-24 17:31:03,895 - INFO - Completed grid10x10_agents2_random_trial26_interval500_seed27705 (291/48600)
2025-07-24 17:31:04,067 - INFO - Completed grid10x10_agents2_random_trial36_interval5_seed37705 (292/48600)
2025-07-24 17:31:04,080 - INFO - Completed grid10x10_agents2_random_trial34_intervalinf_seed35705 (293/48600)
2025-07-24 17:31:04,402 - INFO - Completed grid10x10_agents2_random_trial25_intervalinf_seed26705 (294/48600)
2025-07-24 17:31:04,431 - INFO - Completed grid10x10_agents2_random_trial28_intervalinf_seed29705 (295/48600)
2025-07-24 17:31:04,477 - INFO - Completed grid10x10_agents2_random_trial33_interval50_seed34705 (296/48600)
2025-07-24 17:31:04,668 - INFO - Completed grid10x10_agents2_random_trial29_interval200_seed30705 (297/48600)
2025-07-24 17:31:04,759 - INFO - Completed grid10x10_agents2_random_trial34_interval5_seed35705 (298/48600)
2025-07-24 17:31:05,339 - INFO - Completed grid10x10_agents2_random_trial30_interval500_seed31705 (299/48600)
2025-07-24 17:31:05,567 - INFO - Completed grid10x10_agents2_random_trial29_interval500_seed30705 (300/48600)
2025-07-24 17:31:05,567 - INFO - Progress: 300/48600 (0.6%), Rate: 1.52 tasks/sec, ETA: 8.9 hours
2025-07-24 17:31:05,911 - INFO - Completed grid10x10_agents2_random_trial28_interval100_seed29705 (301/48600)
2025-07-24 17:31:05,967 - INFO - Completed grid10x10_agents2_random_trial30_interval100_seed31705 (302/48600)
2025-07-24 17:31:06,014 - INFO - Completed grid10x10_agents2_random_trial30_interval25_seed31705 (303/48600)
2025-07-24 17:31:06,030 - INFO - Completed grid10x10_agents2_random_trial31_interval10_seed32705 (304/48600)
2025-07-24 17:31:06,227 - INFO - Completed grid10x10_agents2_random_trial32_interval100_seed33705 (305/48600)
2025-07-24 17:31:06,330 - INFO - Completed grid10x10_agents2_random_trial28_interval25_seed29705 (306/48600)
2025-07-24 17:31:06,574 - INFO - Completed grid10x10_agents2_random_trial31_interval25_seed32705 (307/48600)
2025-07-24 17:31:06,719 - INFO - Completed grid10x10_agents2_random_trial28_interval500_seed29705 (308/48600)
2025-07-24 17:31:06,759 - INFO - Completed grid10x10_agents2_random_trial25_interval5_seed26705 (309/48600)
2025-07-24 17:31:06,774 - INFO - Completed grid10x10_agents2_random_trial29_interval10_seed30705 (310/48600)
2025-07-24 17:31:06,786 - INFO - Completed grid10x10_agents2_random_trial28_interval200_seed29705 (311/48600)
2025-07-24 17:31:06,955 - INFO - Completed grid10x10_agents2_random_trial34_interval50_seed35705 (312/48600)
2025-07-24 17:31:07,035 - INFO - Completed grid10x10_agents2_random_trial24_interval5_seed25705 (313/48600)
2025-07-24 17:31:07,157 - INFO - Completed grid10x10_agents2_random_trial32_intervalinf_seed33705 (314/48600)
2025-07-24 17:31:07,189 - INFO - Completed grid10x10_agents2_random_trial29_intervalinf_seed30705 (315/48600)
2025-07-24 17:31:07,481 - INFO - Completed grid10x10_agents2_random_trial26_interval5_seed27705 (316/48600)
2025-07-24 17:31:07,506 - INFO - Completed grid10x10_agents2_random_trial29_interval25_seed30705 (317/48600)
2025-07-24 17:31:08,022 - INFO - Completed grid10x10_agents2_random_trial29_interval5_seed30705 (318/48600)
2025-07-24 17:31:09,374 - INFO - Completed grid10x10_agents2_random_trial30_intervalinf_seed31705 (319/48600)
2025-07-24 17:31:09,790 - INFO - Completed grid10x10_agents2_random_trial29_interval100_seed30705 (320/48600)
2025-07-24 17:31:09,835 - INFO - Completed grid10x10_agents2_random_trial35_interval50_seed36705 (321/48600)
2025-07-24 17:31:10,150 - INFO - Completed grid10x10_agents2_random_trial31_interval100_seed32705 (322/48600)
2025-07-24 17:31:10,791 - INFO - Completed grid10x10_agents2_random_trial31_interval50_seed32705 (323/48600)
2025-07-24 17:31:11,292 - INFO - Completed grid10x10_agents2_random_trial27_interval5_seed28705 (324/48600)
2025-07-24 17:31:11,301 - INFO - Completed grid10x10_agents2_random_trial39_interval0_seed40705 (325/48600)
2025-07-24 17:31:11,527 - INFO - Completed grid10x10_agents2_random_trial34_interval25_seed35705 (326/48600)
2025-07-24 17:31:11,859 - INFO - Completed grid10x10_agents2_random_trial32_interval5_seed33705 (327/48600)
2025-07-24 17:31:12,051 - INFO - Completed grid10x10_agents2_random_trial30_interval5_seed31705 (328/48600)
2025-07-24 17:31:12,274 - INFO - Completed grid10x10_agents2_random_trial32_interval10_seed33705 (329/48600)
2025-07-24 17:31:12,987 - INFO - Completed grid10x10_agents2_random_trial34_interval500_seed35705 (330/48600)
2025-07-24 17:31:15,333 - INFO - Completed grid10x10_agents2_random_trial40_interval10_seed41705 (331/48600)
2025-07-24 17:31:16,794 - INFO - Completed grid10x10_agents2_random_trial40_interval25_seed41705 (332/48600)
2025-07-24 17:31:16,963 - INFO - Completed grid10x10_agents2_random_trial35_interval25_seed36705 (333/48600)
2025-07-24 17:31:16,972 - INFO - Completed grid10x10_agents2_random_trial40_interval100_seed41705 (334/48600)
2025-07-24 17:31:19,308 - INFO - Completed grid10x10_agents2_random_trial35_interval10_seed36705 (335/48600)
2025-07-24 17:31:19,731 - INFO - Completed grid10x10_agents2_random_trial37_interval5_seed38705 (336/48600)
2025-07-24 17:31:22,108 - INFO - Completed grid10x10_agents2_random_trial40_interval0_seed41705 (337/48600)
2025-07-24 17:31:22,465 - INFO - Completed grid10x10_agents2_random_trial38_interval50_seed39705 (338/48600)
2025-07-24 17:31:23,082 - INFO - Completed grid10x10_agents2_random_trial39_intervalinf_seed40705 (339/48600)
2025-07-24 17:31:25,214 - INFO - Completed grid10x10_agents2_random_trial39_interval10_seed40705 (340/48600)
2025-07-24 17:31:25,447 - INFO - Completed grid10x10_agents2_random_trial36_interval500_seed37705 (341/48600)
2025-07-24 17:31:27,735 - INFO - Completed grid10x10_agents2_random_trial37_interval200_seed38705 (342/48600)
2025-07-24 17:31:28,390 - INFO - Completed grid10x10_agents2_random_trial37_interval500_seed38705 (343/48600)
2025-07-24 17:31:31,348 - INFO - Completed grid10x10_agents2_random_trial41_interval0_seed42705 (344/48600)
2025-07-24 17:31:32,338 - INFO - Completed grid10x10_agents2_random_trial38_intervalinf_seed39705 (345/48600)
2025-07-24 17:31:32,686 - INFO - Completed grid10x10_agents2_random_trial39_interval100_seed40705 (346/48600)
2025-07-24 17:31:35,030 - INFO - Completed grid10x10_agents2_random_trial44_interval5_seed45705 (347/48600)
2025-07-24 17:31:36,238 - INFO - Completed grid10x10_agents2_random_trial36_interval25_seed37705 (348/48600)
2025-07-24 17:31:37,454 - INFO - Completed grid10x10_agents2_random_trial43_interval10_seed44705 (349/48600)
2025-07-24 17:31:38,424 - INFO - Completed grid10x10_agents2_random_trial43_interval0_seed44705 (350/48600)
2025-07-24 17:31:38,424 - INFO - Progress: 350/48600 (0.7%), Rate: 1.52 tasks/sec, ETA: 8.8 hours
2025-07-24 17:31:38,866 - INFO - Completed grid10x10_agents2_random_trial42_interval0_seed43705 (351/48600)
2025-07-24 17:31:39,950 - INFO - Completed grid10x10_agents2_random_trial37_interval100_seed38705 (352/48600)
2025-07-24 17:31:41,352 - INFO - Completed grid10x10_agents2_random_trial38_interval500_seed39705 (353/48600)
2025-07-24 17:31:41,354 - INFO - Completed grid10x10_agents2_random_trial46_interval0_seed47705 (354/48600)
2025-07-24 17:31:41,424 - INFO - Completed grid10x10_agents2_random_trial40_interval50_seed41705 (355/48600)
2025-07-24 17:31:41,624 - INFO - Completed grid10x10_agents2_random_trial44_interval0_seed45705 (356/48600)
2025-07-24 17:31:41,978 - INFO - Completed grid10x10_agents2_random_trial36_interval200_seed37705 (357/48600)
2025-07-24 17:31:42,421 - INFO - Completed grid10x10_agents2_random_trial46_intervalinf_seed47705 (358/48600)
2025-07-24 17:31:42,844 - INFO - Completed grid10x10_agents2_random_trial39_interval200_seed40705 (359/48600)
2025-07-24 17:31:44,394 - INFO - Completed grid10x10_agents2_random_trial36_interval50_seed37705 (360/48600)
2025-07-24 17:31:44,656 - INFO - Completed grid10x10_agents2_random_trial41_interval10_seed42705 (361/48600)
2025-07-24 17:31:45,575 - INFO - Completed grid10x10_agents2_random_trial37_interval50_seed38705 (362/48600)
2025-07-24 17:31:46,082 - INFO - Completed grid10x10_agents2_random_trial43_interval100_seed44705 (363/48600)
2025-07-24 17:31:46,403 - INFO - Completed grid10x10_agents2_random_trial36_intervalinf_seed37705 (364/48600)
2025-07-24 17:31:46,447 - INFO - Completed grid10x10_agents2_random_trial37_interval25_seed38705 (365/48600)
2025-07-24 17:31:47,105 - INFO - Completed grid10x10_agents2_random_trial51_interval0_seed52705 (366/48600)
2025-07-24 17:31:47,149 - INFO - Completed grid10x10_agents2_random_trial45_interval0_seed46705 (367/48600)
2025-07-24 17:31:47,367 - INFO - Completed grid10x10_agents2_random_trial39_interval500_seed40705 (368/48600)
2025-07-24 17:31:47,662 - INFO - Completed grid10x10_agents2_random_trial37_interval10_seed38705 (369/48600)
2025-07-24 17:31:48,558 - INFO - Completed grid10x10_agents2_random_trial50_intervalinf_seed51705 (370/48600)
2025-07-24 17:31:48,920 - INFO - Completed grid10x10_agents2_random_trial39_interval5_seed40705 (371/48600)
2025-07-24 17:31:49,364 - INFO - Completed grid10x10_agents2_random_trial38_interval25_seed39705 (372/48600)
2025-07-24 17:31:49,400 - INFO - Completed grid10x10_agents2_random_trial47_interval0_seed48705 (373/48600)
2025-07-24 17:31:49,603 - INFO - Completed grid10x10_agents2_random_trial37_intervalinf_seed38705 (374/48600)
2025-07-24 17:31:49,800 - INFO - Completed grid10x10_agents2_random_trial48_interval0_seed49705 (375/48600)
2025-07-24 17:31:51,495 - INFO - Completed grid10x10_agents2_random_trial51_interval10_seed52705 (376/48600)
2025-07-24 17:31:51,806 - INFO - Completed grid10x10_agents2_random_trial40_interval200_seed41705 (377/48600)
2025-07-24 17:31:51,835 - INFO - Completed grid10x10_agents2_random_trial40_interval5_seed41705 (378/48600)
2025-07-24 17:31:53,235 - INFO - Completed grid10x10_agents2_random_trial38_interval10_seed39705 (379/48600)
2025-07-24 17:31:53,627 - INFO - Completed grid10x10_agents2_random_trial40_intervalinf_seed41705 (380/48600)
2025-07-24 17:31:54,038 - INFO - Completed grid10x10_agents2_random_trial40_interval500_seed41705 (381/48600)
2025-07-24 17:31:54,220 - INFO - Completed grid10x10_agents2_random_trial49_interval0_seed50705 (382/48600)
2025-07-24 17:31:54,592 - INFO - Completed grid10x10_agents2_random_trial38_interval100_seed39705 (383/48600)
2025-07-24 17:31:54,679 - INFO - Completed grid10x10_agents2_random_trial42_interval200_seed43705 (384/48600)
2025-07-24 17:31:54,779 - INFO - Completed grid10x10_agents2_random_trial41_interval200_seed42705 (385/48600)
2025-07-24 17:31:55,103 - INFO - Completed grid10x10_agents2_random_trial38_interval200_seed39705 (386/48600)
2025-07-24 17:31:55,431 - INFO - Completed grid10x10_agents2_random_trial39_interval25_seed40705 (387/48600)
2025-07-24 17:31:57,862 - INFO - Completed grid10x10_agents2_random_trial52_interval0_seed53705 (388/48600)
2025-07-24 17:31:58,405 - INFO - Completed grid10x10_agents2_random_trial50_interval0_seed51705 (389/48600)
2025-07-24 17:31:58,573 - INFO - Completed grid10x10_agents2_random_trial41_interval100_seed42705 (390/48600)
2025-07-24 17:31:58,826 - INFO - Completed grid10x10_agents2_random_trial41_interval500_seed42705 (391/48600)
2025-07-24 17:31:59,543 - INFO - Completed grid10x10_agents2_random_trial42_interval100_seed43705 (392/48600)
2025-07-24 17:32:00,306 - INFO - Completed grid10x10_agents2_random_trial42_interval10_seed43705 (393/48600)
2025-07-24 17:32:01,342 - INFO - Completed grid10x10_agents2_random_trial41_interval25_seed42705 (394/48600)
2025-07-24 17:32:02,231 - INFO - Completed grid10x10_agents2_random_trial39_interval50_seed40705 (395/48600)
2025-07-24 17:32:02,957 - INFO - Completed grid10x10_agents2_random_trial43_interval25_seed44705 (396/48600)
2025-07-24 17:32:06,135 - INFO - Completed grid10x10_agents2_random_trial44_interval50_seed45705 (397/48600)
2025-07-24 17:32:08,365 - INFO - Completed grid10x10_agents2_random_trial52_interval200_seed53705 (398/48600)
2025-07-24 17:32:10,667 - INFO - Completed grid10x10_agents2_random_trial41_intervalinf_seed42705 (399/48600)
2025-07-24 17:32:10,855 - INFO - Completed grid10x10_agents2_random_trial42_interval25_seed43705 (400/48600)
2025-07-24 17:32:10,855 - INFO - Progress: 400/48600 (0.8%), Rate: 1.52 tasks/sec, ETA: 8.8 hours
2025-07-24 17:32:11,119 - INFO - Completed grid10x10_agents2_random_trial45_interval25_seed46705 (401/48600)
2025-07-24 17:32:11,743 - INFO - Completed grid10x10_agents2_random_trial43_interval200_seed44705 (402/48600)
2025-07-24 17:32:12,339 - INFO - Completed grid10x10_agents2_random_trial41_interval50_seed42705 (403/48600)
2025-07-24 17:32:13,579 - INFO - Completed grid10x10_agents2_random_trial43_interval50_seed44705 (404/48600)
2025-07-24 17:32:14,291 - INFO - Completed grid10x10_agents2_random_trial47_interval10_seed48705 (405/48600)
2025-07-24 17:32:14,356 - INFO - Completed grid10x10_agents2_random_trial46_interval200_seed47705 (406/48600)
2025-07-24 17:32:15,035 - INFO - Completed grid10x10_agents2_random_trial42_interval5_seed43705 (407/48600)
2025-07-24 17:32:15,285 - INFO - Completed grid10x10_agents2_random_trial48_interval500_seed49705 (408/48600)
2025-07-24 17:32:15,879 - INFO - Completed grid10x10_agents2_random_trial46_interval500_seed47705 (409/48600)
2025-07-24 17:32:16,529 - INFO - Completed grid10x10_agents2_random_trial42_interval50_seed43705 (410/48600)
2025-07-24 17:32:17,403 - INFO - Completed grid10x10_agents2_random_trial42_intervalinf_seed43705 (411/48600)
2025-07-24 17:32:17,675 - INFO - Completed grid10x10_agents2_random_trial42_interval500_seed43705 (412/48600)
2025-07-24 17:32:17,691 - INFO - Completed grid10x10_agents2_random_trial50_interval25_seed51705 (413/48600)
2025-07-24 17:32:18,624 - INFO - Completed grid10x10_agents2_random_trial43_interval500_seed44705 (414/48600)
2025-07-24 17:32:18,747 - INFO - Completed grid10x10_agents2_random_trial43_interval5_seed44705 (415/48600)
2025-07-24 17:32:19,359 - INFO - Completed grid10x10_agents2_random_trial41_interval5_seed42705 (416/48600)
2025-07-24 17:32:20,586 - INFO - Completed grid10x10_agents2_random_trial49_interval500_seed50705 (417/48600)
2025-07-24 17:32:20,629 - INFO - Completed grid10x10_agents2_random_trial44_interval100_seed45705 (418/48600)
2025-07-24 17:32:20,901 - INFO - Completed grid10x10_agents2_random_trial44_interval25_seed45705 (419/48600)
2025-07-24 17:32:21,186 - INFO - Completed grid10x10_agents2_random_trial45_interval100_seed46705 (420/48600)
2025-07-24 17:32:21,395 - INFO - Completed grid10x10_agents2_random_trial48_interval10_seed49705 (421/48600)
2025-07-24 17:32:21,559 - INFO - Completed grid10x10_agents2_random_trial44_intervalinf_seed45705 (422/48600)
2025-07-24 17:32:21,683 - INFO - Completed grid10x10_agents2_random_trial46_interval100_seed47705 (423/48600)
2025-07-24 17:32:21,851 - INFO - Completed grid10x10_agents2_random_trial55_interval10_seed56705 (424/48600)
2025-07-24 17:32:21,950 - INFO - Completed grid10x10_agents2_random_trial53_interval0_seed54705 (425/48600)
2025-07-24 17:32:22,399 - INFO - Completed grid10x10_agents2_random_trial43_intervalinf_seed44705 (426/48600)
2025-07-24 17:32:22,711 - INFO - Completed grid10x10_agents2_random_trial45_interval50_seed46705 (427/48600)
2025-07-24 17:32:22,728 - INFO - Completed grid10x10_agents2_random_trial50_interval500_seed51705 (428/48600)
2025-07-24 17:32:22,819 - INFO - Completed grid10x10_agents2_random_trial44_interval200_seed45705 (429/48600)
2025-07-24 17:32:22,968 - INFO - Completed grid10x10_agents2_random_trial44_interval500_seed45705 (430/48600)
2025-07-24 17:32:23,723 - INFO - Completed grid10x10_agents2_random_trial45_interval200_seed46705 (431/48600)
2025-07-24 17:32:23,855 - INFO - Completed grid10x10_agents2_random_trial45_intervalinf_seed46705 (432/48600)
2025-07-24 17:32:24,671 - INFO - Completed grid10x10_agents2_random_trial47_interval200_seed48705 (433/48600)
2025-07-24 17:32:24,756 - INFO - Completed grid10x10_agents2_random_trial44_interval10_seed45705 (434/48600)
2025-07-24 17:32:24,803 - INFO - Completed grid10x10_agents2_random_trial55_intervalinf_seed56705 (435/48600)
2025-07-24 17:32:24,822 - INFO - Completed grid10x10_agents2_random_trial46_interval25_seed47705 (436/48600)
2025-07-24 17:32:24,939 - INFO - Completed grid10x10_agents2_random_trial45_interval10_seed46705 (437/48600)
2025-07-24 17:32:25,375 - INFO - Completed grid10x10_agents2_random_trial47_interval25_seed48705 (438/48600)
2025-07-24 17:32:25,685 - INFO - Completed grid10x10_agents2_random_trial45_interval500_seed46705 (439/48600)
2025-07-24 17:32:25,926 - INFO - Completed grid10x10_agents2_random_trial47_intervalinf_seed48705 (440/48600)
2025-07-24 17:32:26,487 - INFO - Completed grid10x10_agents2_random_trial45_interval5_seed46705 (441/48600)
2025-07-24 17:32:26,549 - INFO - Completed grid10x10_agents2_random_trial49_interval50_seed50705 (442/48600)
2025-07-24 17:32:27,187 - INFO - Completed grid10x10_agents2_random_trial51_interval50_seed52705 (443/48600)
2025-07-24 17:32:27,311 - INFO - Completed grid10x10_agents2_random_trial46_interval50_seed47705 (444/48600)
2025-07-24 17:32:27,319 - INFO - Completed grid10x10_agents2_random_trial46_interval5_seed47705 (445/48600)
2025-07-24 17:32:27,843 - INFO - Completed grid10x10_agents2_random_trial47_interval100_seed48705 (446/48600)
2025-07-24 17:32:27,957 - INFO - Completed grid10x10_agents2_random_trial47_interval50_seed48705 (447/48600)
2025-07-24 17:32:28,438 - INFO - Completed grid10x10_agents2_random_trial55_interval0_seed56705 (448/48600)
2025-07-24 17:32:28,503 - INFO - Completed grid10x10_agents2_random_trial48_interval50_seed49705 (449/48600)
2025-07-24 17:32:28,765 - INFO - Completed grid10x10_agents2_random_trial49_interval100_seed50705 (450/48600)
2025-07-24 17:32:28,765 - INFO - Progress: 450/48600 (0.9%), Rate: 1.60 tasks/sec, ETA: 8.4 hours
2025-07-24 17:32:28,937 - INFO - Completed grid10x10_agents2_random_trial51_interval5_seed52705 (451/48600)
2025-07-24 17:32:29,079 - INFO - Completed grid10x10_agents2_random_trial47_interval500_seed48705 (452/48600)
2025-07-24 17:32:29,172 - INFO - Completed grid10x10_agents2_random_trial46_interval10_seed47705 (453/48600)
2025-07-24 17:32:29,207 - INFO - Completed grid10x10_agents2_random_trial49_interval25_seed50705 (454/48600)
2025-07-24 17:32:29,623 - INFO - Completed grid10x10_agents2_random_trial51_interval25_seed52705 (455/48600)
2025-07-24 17:32:29,655 - INFO - Completed grid10x10_agents2_random_trial48_intervalinf_seed49705 (456/48600)
2025-07-24 17:32:29,683 - INFO - Completed grid10x10_agents2_random_trial48_interval25_seed49705 (457/48600)
2025-07-24 17:32:29,700 - INFO - Completed grid10x10_agents2_random_trial48_interval100_seed49705 (458/48600)
2025-07-24 17:32:29,746 - INFO - Completed grid10x10_agents2_random_trial48_interval200_seed49705 (459/48600)
2025-07-24 17:32:30,295 - INFO - Completed grid10x10_agents2_random_trial49_interval10_seed50705 (460/48600)
2025-07-24 17:32:30,675 - INFO - Completed grid10x10_agents2_random_trial56_interval0_seed57705 (461/48600)
2025-07-24 17:32:30,783 - INFO - Completed grid10x10_agents2_random_trial49_intervalinf_seed50705 (462/48600)
2025-07-24 17:32:30,827 - INFO - Completed grid10x10_agents2_random_trial50_interval200_seed51705 (463/48600)
2025-07-24 17:32:30,871 - INFO - Completed grid10x10_agents2_random_trial49_interval200_seed50705 (464/48600)
2025-07-24 17:32:31,025 - INFO - Completed grid10x10_agents2_random_trial54_interval0_seed55705 (465/48600)
2025-07-24 17:32:31,864 - INFO - Completed grid10x10_agents2_random_trial47_interval5_seed48705 (466/48600)
2025-07-24 17:32:31,892 - INFO - Completed grid10x10_agents2_random_trial48_interval5_seed49705 (467/48600)
2025-07-24 17:32:32,395 - INFO - Completed grid10x10_agents2_random_trial52_interval500_seed53705 (468/48600)
2025-07-24 17:32:32,559 - INFO - Completed grid10x10_agents2_random_trial49_interval5_seed50705 (469/48600)
2025-07-24 17:32:32,783 - INFO - Completed grid10x10_agents2_random_trial50_interval100_seed51705 (470/48600)
2025-07-24 17:32:33,259 - INFO - Completed grid10x10_agents2_random_trial50_interval10_seed51705 (471/48600)
2025-07-24 17:32:33,675 - INFO - Completed grid10x10_agents2_random_trial50_interval50_seed51705 (472/48600)
2025-07-24 17:32:35,959 - INFO - Completed grid10x10_agents2_random_trial51_interval200_seed52705 (473/48600)
2025-07-24 17:32:35,989 - INFO - Completed grid10x10_agents2_random_trial50_interval5_seed51705 (474/48600)
2025-07-24 17:32:37,378 - INFO - Completed grid10x10_agents2_random_trial51_interval500_seed52705 (475/48600)
2025-07-24 17:32:38,413 - INFO - Completed grid10x10_agents2_random_trial57_interval0_seed58705 (476/48600)
2025-07-24 17:32:39,268 - INFO - Completed grid10x10_agents2_random_trial52_interval5_seed53705 (477/48600)
2025-07-24 17:32:41,599 - INFO - Completed grid10x10_agents2_random_trial51_intervalinf_seed52705 (478/48600)
2025-07-24 17:32:41,851 - INFO - Completed grid10x10_agents2_random_trial58_interval25_seed59705 (479/48600)
2025-07-24 17:32:43,495 - INFO - Completed grid10x10_agents2_random_trial58_interval0_seed59705 (480/48600)
2025-07-24 17:32:44,450 - INFO - Completed grid10x10_agents2_random_trial51_interval100_seed52705 (481/48600)
2025-07-24 17:32:44,585 - INFO - Completed grid10x10_agents2_random_trial53_interval10_seed54705 (482/48600)
2025-07-24 17:32:45,855 - INFO - Completed grid10x10_agents2_random_trial53_interval200_seed54705 (483/48600)
2025-07-24 17:32:47,591 - INFO - Completed grid10x10_agents2_random_trial55_interval100_seed56705 (484/48600)
2025-07-24 17:32:47,988 - INFO - Completed grid10x10_agents2_random_trial52_interval50_seed53705 (485/48600)
2025-07-24 17:32:48,750 - INFO - Completed grid10x10_agents2_random_trial52_interval100_seed53705 (486/48600)
2025-07-24 17:32:49,791 - INFO - Completed grid10x10_agents2_random_trial52_interval10_seed53705 (487/48600)
2025-07-24 17:32:52,411 - INFO - Completed grid10x10_agents2_random_trial53_interval50_seed54705 (488/48600)
2025-07-24 17:32:53,694 - INFO - Completed grid10x10_agents2_random_trial54_interval100_seed55705 (489/48600)
2025-07-24 17:32:55,040 - INFO - Completed grid10x10_agents2_random_trial52_interval25_seed53705 (490/48600)
2025-07-24 17:32:55,229 - INFO - Completed grid10x10_agents2_random_trial59_interval0_seed60705 (491/48600)
2025-07-24 17:32:55,248 - INFO - Completed grid10x10_agents2_random_trial61_interval10_seed62705 (492/48600)
2025-07-24 17:32:56,860 - INFO - Completed grid10x10_agents2_random_trial53_interval100_seed54705 (493/48600)
2025-07-24 17:32:58,123 - INFO - Completed grid10x10_agents2_random_trial53_interval25_seed54705 (494/48600)
2025-07-24 17:32:58,565 - INFO - Completed grid10x10_agents2_random_trial54_intervalinf_seed55705 (495/48600)
2025-07-24 17:32:58,601 - INFO - Completed grid10x10_agents2_random_trial53_interval500_seed54705 (496/48600)
2025-07-24 17:32:58,605 - INFO - Completed grid10x10_agents2_random_trial62_interval50_seed63705 (497/48600)
2025-07-24 17:32:58,672 - INFO - Completed grid10x10_agents2_random_trial53_intervalinf_seed54705 (498/48600)
2025-07-24 17:32:59,284 - INFO - Completed grid10x10_agents2_random_trial54_interval25_seed55705 (499/48600)
2025-07-24 17:32:59,919 - INFO - Completed grid10x10_agents2_random_trial54_interval500_seed55705 (500/48600)
2025-07-24 17:32:59,919 - INFO - Progress: 500/48600 (1.0%), Rate: 1.60 tasks/sec, ETA: 8.3 hours
2025-07-24 17:33:00,124 - INFO - Completed grid10x10_agents2_random_trial53_interval5_seed54705 (501/48600)
2025-07-24 17:33:00,863 - INFO - Completed grid10x10_agents2_random_trial61_interval200_seed62705 (502/48600)
2025-07-24 17:33:01,499 - INFO - Completed grid10x10_agents2_random_trial54_interval200_seed55705 (503/48600)
2025-07-24 17:33:01,924 - INFO - Completed grid10x10_agents2_random_trial60_interval0_seed61705 (504/48600)
2025-07-24 17:33:03,564 - INFO - Completed grid10x10_agents2_random_trial61_interval0_seed62705 (505/48600)
2025-07-24 17:33:03,778 - INFO - Completed grid10x10_agents2_random_trial54_interval5_seed55705 (506/48600)
2025-07-24 17:33:03,870 - INFO - Completed grid10x10_agents2_random_trial52_intervalinf_seed53705 (507/48600)
2025-07-24 17:33:04,148 - INFO - Completed grid10x10_agents2_random_trial62_interval0_seed63705 (508/48600)
2025-07-24 17:33:04,507 - INFO - Completed grid10x10_agents2_random_trial56_interval50_seed57705 (509/48600)
2025-07-24 17:33:04,919 - INFO - Completed grid10x10_agents2_random_trial54_interval10_seed55705 (510/48600)
2025-07-24 17:33:05,040 - INFO - Completed grid10x10_agents2_random_trial56_interval25_seed57705 (511/48600)
2025-07-24 17:33:05,113 - INFO - Completed grid10x10_agents2_random_trial56_intervalinf_seed57705 (512/48600)
2025-07-24 17:33:05,379 - INFO - Completed grid10x10_agents2_random_trial55_interval200_seed56705 (513/48600)
2025-07-24 17:33:05,391 - INFO - Completed grid10x10_agents2_random_trial54_interval50_seed55705 (514/48600)
2025-07-24 17:33:06,201 - INFO - Completed grid10x10_agents2_random_trial55_interval50_seed56705 (515/48600)
2025-07-24 17:33:07,068 - INFO - Completed grid10x10_agents2_random_trial63_interval0_seed64705 (516/48600)
2025-07-24 17:33:07,463 - INFO - Completed grid10x10_agents2_random_trial55_interval500_seed56705 (517/48600)
2025-07-24 17:33:07,623 - INFO - Completed grid10x10_agents2_random_trial55_interval5_seed56705 (518/48600)
2025-07-24 17:33:07,638 - INFO - Completed grid10x10_agents2_random_trial56_interval5_seed57705 (519/48600)
2025-07-24 17:33:09,511 - INFO - Completed grid10x10_agents2_random_trial57_interval500_seed58705 (520/48600)
2025-07-24 17:33:10,512 - INFO - Completed grid10x10_agents2_random_trial57_interval10_seed58705 (521/48600)
2025-07-24 17:33:10,652 - INFO - Completed grid10x10_agents2_random_trial64_interval0_seed65705 (522/48600)
2025-07-24 17:33:10,867 - INFO - Completed grid10x10_agents2_random_trial56_interval200_seed57705 (523/48600)
2025-07-24 17:33:10,967 - INFO - Completed grid10x10_agents2_random_trial57_interval200_seed58705 (524/48600)
2025-07-24 17:33:11,390 - INFO - Completed grid10x10_agents2_random_trial65_interval0_seed66705 (525/48600)
2025-07-24 17:33:11,776 - INFO - Completed grid10x10_agents2_random_trial56_interval500_seed57705 (526/48600)
2025-07-24 17:33:12,657 - INFO - Completed grid10x10_agents2_random_trial66_interval0_seed67705 (527/48600)
2025-07-24 17:33:12,675 - INFO - Completed grid10x10_agents2_random_trial56_interval100_seed57705 (528/48600)
2025-07-24 17:33:13,114 - INFO - Completed grid10x10_agents2_random_trial56_interval10_seed57705 (529/48600)
2025-07-24 17:33:14,876 - INFO - Completed grid10x10_agents2_random_trial59_interval200_seed60705 (530/48600)
2025-07-24 17:33:15,131 - INFO - Completed grid10x10_agents2_random_trial57_intervalinf_seed58705 (531/48600)
2025-07-24 17:33:15,148 - INFO - Completed grid10x10_agents2_random_trial67_interval25_seed68705 (532/48600)
2025-07-24 17:33:15,475 - INFO - Completed grid10x10_agents2_random_trial57_interval5_seed58705 (533/48600)
2025-07-24 17:33:16,490 - INFO - Completed grid10x10_agents2_random_trial55_interval25_seed56705 (534/48600)
2025-07-24 17:33:16,851 - INFO - Completed grid10x10_agents2_random_trial57_interval100_seed58705 (535/48600)
2025-07-24 17:33:17,198 - INFO - Completed grid10x10_agents2_random_trial57_interval25_seed58705 (536/48600)
2025-07-24 17:33:17,929 - INFO - Completed grid10x10_agents2_random_trial57_interval50_seed58705 (537/48600)
2025-07-24 17:33:18,081 - INFO - Completed grid10x10_agents2_random_trial58_interval5_seed59705 (538/48600)
2025-07-24 17:33:21,215 - INFO - Completed grid10x10_agents2_random_trial67_interval0_seed68705 (539/48600)
2025-07-24 17:33:22,363 - INFO - Completed grid10x10_agents2_random_trial58_interval200_seed59705 (540/48600)
2025-07-24 17:33:25,275 - INFO - Completed grid10x10_agents2_random_trial58_interval50_seed59705 (541/48600)
2025-07-24 17:33:25,447 - INFO - Completed grid10x10_agents2_random_trial58_interval10_seed59705 (542/48600)
2025-07-24 17:33:25,895 - INFO - Completed grid10x10_agents2_random_trial68_interval0_seed69705 (543/48600)
2025-07-24 17:33:25,965 - INFO - Completed grid10x10_agents2_random_trial60_interval500_seed61705 (544/48600)
2025-07-24 17:33:27,728 - INFO - Completed grid10x10_agents2_random_trial63_interval100_seed64705 (545/48600)
2025-07-24 17:33:28,075 - INFO - Completed grid10x10_agents2_random_trial59_interval50_seed60705 (546/48600)
2025-07-24 17:33:28,555 - INFO - Completed grid10x10_agents2_random_trial58_interval100_seed59705 (547/48600)
2025-07-24 17:33:28,625 - INFO - Completed grid10x10_agents2_random_trial58_intervalinf_seed59705 (548/48600)
2025-07-24 17:33:28,760 - INFO - Completed grid10x10_agents2_random_trial68_interval500_seed69705 (549/48600)
2025-07-24 17:33:30,357 - INFO - Completed grid10x10_agents2_random_trial59_interval5_seed60705 (550/48600)
2025-07-24 17:33:30,357 - INFO - Progress: 550/48600 (1.1%), Rate: 1.60 tasks/sec, ETA: 8.3 hours
2025-07-24 17:33:30,503 - INFO - Completed grid10x10_agents2_random_trial58_interval500_seed59705 (551/48600)
2025-07-24 17:33:31,035 - INFO - Completed grid10x10_agents2_random_trial59_interval500_seed60705 (552/48600)
2025-07-24 17:33:32,799 - INFO - Completed grid10x10_agents2_random_trial59_intervalinf_seed60705 (553/48600)
2025-07-24 17:33:32,821 - INFO - Completed grid10x10_agents2_random_trial62_interval5_seed63705 (554/48600)
2025-07-24 17:33:32,853 - INFO - Completed grid10x10_agents2_random_trial69_interval25_seed70705 (555/48600)
2025-07-24 17:33:34,271 - INFO - Completed grid10x10_agents2_random_trial61_interval25_seed62705 (556/48600)
2025-07-24 17:33:34,595 - INFO - Completed grid10x10_agents2_random_trial59_interval10_seed60705 (557/48600)
2025-07-24 17:33:34,782 - INFO - Completed grid10x10_agents2_random_trial60_interval100_seed61705 (558/48600)
2025-07-24 17:33:35,446 - INFO - Completed grid10x10_agents2_random_trial63_interval5_seed64705 (559/48600)
2025-07-24 17:33:35,857 - INFO - Completed grid10x10_agents2_random_trial60_interval10_seed61705 (560/48600)
2025-07-24 17:33:35,870 - INFO - Completed grid10x10_agents2_random_trial69_interval10_seed70705 (561/48600)
2025-07-24 17:33:36,251 - INFO - Completed grid10x10_agents2_random_trial60_interval25_seed61705 (562/48600)
2025-07-24 17:33:36,536 - INFO - Completed grid10x10_agents2_random_trial60_interval5_seed61705 (563/48600)
2025-07-24 17:33:36,780 - INFO - Completed grid10x10_agents2_random_trial62_interval100_seed63705 (564/48600)
2025-07-24 17:33:37,467 - INFO - Completed grid10x10_agents2_random_trial59_interval100_seed60705 (565/48600)
2025-07-24 17:33:37,658 - INFO - Completed grid10x10_agents2_random_trial61_interval500_seed62705 (566/48600)
2025-07-24 17:33:37,743 - INFO - Completed grid10x10_agents2_random_trial60_interval50_seed61705 (567/48600)
2025-07-24 17:33:38,064 - INFO - Completed grid10x10_agents2_random_trial60_interval200_seed61705 (568/48600)
2025-07-24 17:33:38,339 - INFO - Completed grid10x10_agents2_random_trial60_intervalinf_seed61705 (569/48600)
2025-07-24 17:33:38,715 - INFO - Completed grid10x10_agents2_random_trial61_interval100_seed62705 (570/48600)
2025-07-24 17:33:38,762 - INFO - Completed grid10x10_agents2_random_trial61_intervalinf_seed62705 (571/48600)
2025-07-24 17:33:38,978 - INFO - Completed grid10x10_agents2_random_trial62_interval200_seed63705 (572/48600)
2025-07-24 17:33:39,478 - INFO - Completed grid10x10_agents2_random_trial61_interval50_seed62705 (573/48600)
2025-07-24 17:33:40,146 - INFO - Completed grid10x10_agents2_random_trial69_interval0_seed70705 (574/48600)
2025-07-24 17:33:40,666 - INFO - Completed grid10x10_agents2_random_trial62_intervalinf_seed63705 (575/48600)
2025-07-24 17:33:41,155 - INFO - Completed grid10x10_agents2_random_trial62_interval500_seed63705 (576/48600)
2025-07-24 17:33:41,684 - INFO - Completed grid10x10_agents2_random_trial70_interval0_seed71705 (577/48600)
2025-07-24 17:33:42,390 - INFO - Completed grid10x10_agents2_random_trial59_interval25_seed60705 (578/48600)
2025-07-24 17:33:42,690 - INFO - Completed grid10x10_agents2_random_trial62_interval10_seed63705 (579/48600)
2025-07-24 17:33:42,803 - INFO - Completed grid10x10_agents2_random_trial63_interval500_seed64705 (580/48600)
2025-07-24 17:33:42,927 - INFO - Completed grid10x10_agents2_random_trial63_interval200_seed64705 (581/48600)
2025-07-24 17:33:43,211 - INFO - Completed grid10x10_agents2_random_trial64_interval200_seed65705 (582/48600)
2025-07-24 17:33:43,659 - INFO - Completed grid10x10_agents2_random_trial63_interval50_seed64705 (583/48600)
2025-07-24 17:33:43,673 - INFO - Completed grid10x10_agents2_random_trial62_interval25_seed63705 (584/48600)
2025-07-24 17:33:43,757 - INFO - Completed grid10x10_agents2_random_trial64_interval50_seed65705 (585/48600)
2025-07-24 17:33:43,874 - INFO - Completed grid10x10_agents2_random_trial64_interval500_seed65705 (586/48600)
2025-07-24 17:33:43,967 - INFO - Completed grid10x10_agents2_random_trial64_interval25_seed65705 (587/48600)
2025-07-24 17:33:44,238 - INFO - Completed grid10x10_agents2_random_trial64_interval10_seed65705 (588/48600)
2025-07-24 17:33:44,274 - INFO - Completed grid10x10_agents2_random_trial65_interval25_seed66705 (589/48600)
2025-07-24 17:33:44,679 - INFO - Completed grid10x10_agents2_random_trial63_interval10_seed64705 (590/48600)
2025-07-24 17:33:45,035 - INFO - Completed grid10x10_agents2_random_trial66_interval50_seed67705 (591/48600)
2025-07-24 17:33:45,396 - INFO - Completed grid10x10_agents2_random_trial71_interval0_seed72705 (592/48600)
2025-07-24 17:33:45,853 - INFO - Completed grid10x10_agents2_random_trial63_interval25_seed64705 (593/48600)
2025-07-24 17:33:45,853 - INFO - Completed grid10x10_agents2_random_trial64_intervalinf_seed65705 (594/48600)
2025-07-24 17:33:46,487 - INFO - Completed grid10x10_agents2_random_trial61_interval5_seed62705 (595/48600)
2025-07-24 17:33:46,559 - INFO - Completed grid10x10_agents2_random_trial63_intervalinf_seed64705 (596/48600)
2025-07-24 17:33:46,675 - INFO - Completed grid10x10_agents2_random_trial65_interval100_seed66705 (597/48600)
2025-07-24 17:33:46,682 - INFO - Completed grid10x10_agents2_random_trial65_interval200_seed66705 (598/48600)
2025-07-24 17:33:46,786 - INFO - Completed grid10x10_agents2_random_trial64_interval100_seed65705 (599/48600)
2025-07-24 17:33:46,799 - INFO - Completed grid10x10_agents2_random_trial66_interval100_seed67705 (600/48600)
2025-07-24 17:33:46,799 - INFO - Progress: 600/48600 (1.2%), Rate: 1.67 tasks/sec, ETA: 8.0 hours
2025-07-24 17:33:47,191 - INFO - Completed grid10x10_agents2_random_trial65_interval50_seed66705 (601/48600)
2025-07-24 17:33:47,730 - INFO - Completed grid10x10_agents2_random_trial65_interval10_seed66705 (602/48600)
2025-07-24 17:33:47,987 - INFO - Completed grid10x10_agents2_random_trial65_intervalinf_seed66705 (603/48600)
2025-07-24 17:33:48,403 - INFO - Completed grid10x10_agents2_random_trial64_interval5_seed65705 (604/48600)
2025-07-24 17:33:49,480 - INFO - Completed grid10x10_agents2_random_trial66_interval25_seed67705 (605/48600)
2025-07-24 17:33:49,733 - INFO - Completed grid10x10_agents2_random_trial66_interval500_seed67705 (606/48600)
2025-07-24 17:33:49,855 - INFO - Completed grid10x10_agents2_random_trial69_interval100_seed70705 (607/48600)
2025-07-24 17:33:49,885 - INFO - Completed grid10x10_agents2_random_trial73_interval10_seed74705 (608/48600)
2025-07-24 17:33:50,827 - INFO - Completed grid10x10_agents2_random_trial66_interval10_seed67705 (609/48600)
2025-07-24 17:33:51,010 - INFO - Completed grid10x10_agents2_random_trial72_interval0_seed73705 (610/48600)
2025-07-24 17:33:53,068 - INFO - Completed grid10x10_agents2_random_trial65_interval5_seed66705 (611/48600)
2025-07-24 17:33:55,611 - INFO - Completed grid10x10_agents2_random_trial68_interval10_seed69705 (612/48600)
2025-07-24 17:33:55,614 - INFO - Completed grid10x10_agents2_random_trial71_interval50_seed72705 (613/48600)
2025-07-24 17:33:56,696 - INFO - Completed grid10x10_agents2_random_trial73_interval0_seed74705 (614/48600)
2025-07-24 17:33:57,796 - INFO - Completed grid10x10_agents2_random_trial67_interval200_seed68705 (615/48600)
2025-07-24 17:33:57,888 - INFO - Completed grid10x10_agents2_random_trial66_intervalinf_seed67705 (616/48600)
2025-07-24 17:33:57,987 - INFO - Completed grid10x10_agents2_random_trial67_interval5_seed68705 (617/48600)
2025-07-24 17:33:58,137 - INFO - Completed grid10x10_agents2_random_trial66_interval200_seed67705 (618/48600)
2025-07-24 17:34:00,783 - INFO - Completed grid10x10_agents2_random_trial67_interval50_seed68705 (619/48600)
2025-07-24 17:34:01,267 - INFO - Completed grid10x10_agents2_random_trial67_interval10_seed68705 (620/48600)
2025-07-24 17:34:01,757 - INFO - Completed grid10x10_agents2_random_trial67_interval500_seed68705 (621/48600)
2025-07-24 17:34:01,795 - INFO - Completed grid10x10_agents2_random_trial68_intervalinf_seed69705 (622/48600)
2025-07-24 17:34:02,156 - INFO - Completed grid10x10_agents2_random_trial74_interval0_seed75705 (623/48600)
2025-07-24 17:34:03,787 - INFO - Completed grid10x10_agents2_random_trial75_interval5_seed76705 (624/48600)
2025-07-24 17:34:04,881 - INFO - Completed grid10x10_agents2_random_trial65_interval500_seed66705 (625/48600)
2025-07-24 17:34:06,707 - INFO - Completed grid10x10_agents2_random_trial75_interval500_seed76705 (626/48600)
2025-07-24 17:34:06,960 - INFO - Completed grid10x10_agents2_random_trial68_interval25_seed69705 (627/48600)
2025-07-24 17:34:07,036 - INFO - Completed grid10x10_agents2_random_trial67_intervalinf_seed68705 (628/48600)
2025-07-24 17:34:09,076 - INFO - Completed grid10x10_agents2_random_trial75_interval0_seed76705 (629/48600)
2025-07-24 17:34:09,571 - INFO - Completed grid10x10_agents2_random_trial76_interval50_seed77705 (630/48600)
2025-07-24 17:34:11,487 - INFO - Completed grid10x10_agents2_random_trial68_interval200_seed69705 (631/48600)
2025-07-24 17:34:13,519 - INFO - Completed grid10x10_agents2_random_trial66_interval5_seed67705 (632/48600)
2025-07-24 17:34:13,524 - INFO - Completed grid10x10_agents2_random_trial69_interval50_seed70705 (633/48600)
2025-07-24 17:34:13,593 - INFO - Completed grid10x10_agents2_random_trial68_interval50_seed69705 (634/48600)
2025-07-24 17:34:14,575 - INFO - Completed grid10x10_agents2_random_trial67_interval100_seed68705 (635/48600)
2025-07-24 17:34:15,907 - INFO - Completed grid10x10_agents2_random_trial70_intervalinf_seed71705 (636/48600)
2025-07-24 17:34:16,623 - INFO - Completed grid10x10_agents2_random_trial70_interval25_seed71705 (637/48600)
2025-07-24 17:34:17,500 - INFO - Completed grid10x10_agents2_random_trial77_interval0_seed78705 (638/48600)
2025-07-24 17:34:17,868 - INFO - Completed grid10x10_agents2_random_trial69_interval500_seed70705 (639/48600)
2025-07-24 17:34:18,365 - INFO - Completed grid10x10_agents2_random_trial71_interval25_seed72705 (640/48600)
2025-07-24 17:34:18,471 - INFO - Completed grid10x10_agents2_random_trial69_interval200_seed70705 (641/48600)
2025-07-24 17:34:18,502 - INFO - Completed grid10x10_agents2_random_trial76_interval500_seed77705 (642/48600)
2025-07-24 17:34:18,981 - INFO - Completed grid10x10_agents2_random_trial70_interval10_seed71705 (643/48600)
2025-07-24 17:34:18,999 - INFO - Completed grid10x10_agents2_random_trial70_interval100_seed71705 (644/48600)
2025-07-24 17:34:19,112 - INFO - Completed grid10x10_agents2_random_trial76_interval0_seed77705 (645/48600)
2025-07-24 17:34:19,695 - INFO - Completed grid10x10_agents2_random_trial74_interval10_seed75705 (646/48600)
2025-07-24 17:34:20,488 - INFO - Completed grid10x10_agents2_random_trial70_interval200_seed71705 (647/48600)
2025-07-24 17:34:20,665 - INFO - Completed grid10x10_agents2_random_trial68_interval100_seed69705 (648/48600)
2025-07-24 17:34:22,182 - INFO - Completed grid10x10_agents2_random_trial71_interval500_seed72705 (649/48600)
2025-07-24 17:34:22,190 - INFO - Completed grid10x10_agents2_random_trial69_intervalinf_seed70705 (650/48600)
2025-07-24 17:34:22,191 - INFO - Progress: 650/48600 (1.3%), Rate: 1.65 tasks/sec, ETA: 8.1 hours
2025-07-24 17:34:22,401 - INFO - Completed grid10x10_agents2_random_trial78_interval0_seed79705 (651/48600)
2025-07-24 17:34:22,515 - INFO - Completed grid10x10_agents2_random_trial72_intervalinf_seed73705 (652/48600)
2025-07-24 17:34:22,743 - INFO - Completed grid10x10_agents2_random_trial71_intervalinf_seed72705 (653/48600)
2025-07-24 17:34:22,959 - INFO - Completed grid10x10_agents2_random_trial73_interval500_seed74705 (654/48600)
2025-07-24 17:34:23,287 - INFO - Completed grid10x10_agents2_random_trial71_interval100_seed72705 (655/48600)
2025-07-24 17:34:24,099 - INFO - Completed grid10x10_agents2_random_trial70_interval500_seed71705 (656/48600)
2025-07-24 17:34:24,842 - INFO - Completed grid10x10_agents2_random_trial79_interval0_seed80705 (657/48600)
2025-07-24 17:34:25,031 - INFO - Completed grid10x10_agents2_random_trial72_interval200_seed73705 (658/48600)
2025-07-24 17:34:26,199 - INFO - Completed grid10x10_agents2_random_trial81_interval200_seed82705 (659/48600)
2025-07-24 17:34:26,363 - INFO - Completed grid10x10_agents2_random_trial68_interval5_seed69705 (660/48600)
2025-07-24 17:34:26,475 - INFO - Completed grid10x10_agents2_random_trial71_interval5_seed72705 (661/48600)
2025-07-24 17:34:26,643 - INFO - Completed grid10x10_agents2_random_trial72_interval50_seed73705 (662/48600)
2025-07-24 17:34:26,923 - INFO - Completed grid10x10_agents2_random_trial72_interval25_seed73705 (663/48600)
2025-07-24 17:34:27,083 - INFO - Completed grid10x10_agents2_random_trial72_interval500_seed73705 (664/48600)
2025-07-24 17:34:28,380 - INFO - Completed grid10x10_agents2_random_trial81_interval0_seed82705 (665/48600)
